#
# There is insufficient memory for the Java Runtime Environment to continue.
# Native memory allocation (malloc) failed to allocate 1211536 bytes for Chunk::new
# Possible reasons:
#   The system is out of physical RAM or swap space
#   The process is running with CompressedOops enabled, and the Java Heap may be blocking the growth of the native heap
# Possible solutions:
#   Reduce memory load on the system
#   Increase physical memory or swap space
#   Check if swap backing store is full
#   Decrease Java heap size (-Xmx/-Xms)
#   Decrease number of Java threads
#   Decrease Java thread stack sizes (-Xss)
#   Set larger code cache with -XX:ReservedCodeCacheSize=
#   JVM is running with Unscaled Compressed Oops mode in which the Java heap is
#     placed in the first 4GB address space. The Java Heap base address is the
#     maximum limit for the native heap growth. Please use -XX:HeapBaseMinAddress
#     to set the Java Heap base and to place the Java Heap above 4GB virtual address.
# This output file may be truncated or incomplete.
#
#  Out of Memory Error (src/hotspot/share/memory/arena.cpp:197), pid=163384, tid=162628
#
# JRE version: OpenJDK Runtime Environment (11.0.15) (build 11.0.15+0-b2043.56-9505619)
# Java VM: OpenJDK 64-Bit Server VM (11.0.15+0-b2043.56-9505619, mixed mode, tiered, compressed oops, g1 gc, windows-amd64)
# No core dump will be written. Minidumps are not enabled by default on client versions of Windows
#

---------------  S U M M A R Y ------------

Command Line: --add-opens=java.base/java.util=ALL-UNNAMED --add-opens=java.base/java.lang=ALL-UNNAMED --add-opens=java.base/java.lang.invoke=ALL-UNNAMED --add-opens=java.base/java.util=ALL-UNNAMED --add-opens=java.prefs/java.util.prefs=ALL-UNNAMED --add-opens=java.prefs/java.util.prefs=ALL-UNNAMED --add-opens=java.base/java.nio.charset=ALL-UNNAMED --add-opens=java.base/java.net=ALL-UNNAMED --add-opens=java.base/java.util.concurrent.atomic=ALL-UNNAMED -Xmx2048m -Dfile.encoding=UTF-8 -Duser.country=US -Duser.language=en -Duser.variant org.gradle.launcher.daemon.bootstrap.GradleDaemon 7.5

Host: AMD Ryzen 5 5500U with Radeon Graphics         , 12 cores, 5G,  Windows 11 , 64 bit Build 22000 (10.0.22000.2124)
Time: Mon Aug  7 15:09:54 2023 India Standard Time elapsed time: 1702.608105 seconds (0d 0h 28m 22s)

---------------  T H R E A D  ---------------

Current thread (0x000001c2b6bf8000):  JavaThread "C2 CompilerThread0" daemon [_thread_in_native, id=162628, stack(0x000000833a100000,0x000000833a200000)]


Current CompileTask:
C2:1702610 20519   !   4       org.gradle.api.internal.provider.DefaultValueSourceProviderFactory$LazilyObtainedValue::obtain (145 bytes)

Stack: [0x000000833a100000,0x000000833a200000]
Native frames: (J=compiled Java code, j=interpreted, Vv=VM code, C=native code)
V  [jvm.dll+0x64135a]
V  [jvm.dll+0x7d39f9]
V  [jvm.dll+0x7d51b9]
V  [jvm.dll+0x7d58a3]
V  [jvm.dll+0x2691c5]
V  [jvm.dll+0xc1a5c]
V  [jvm.dll+0xc200c]
V  [jvm.dll+0x2da2c2]
V  [jvm.dll+0x54cad9]
V  [jvm.dll+0x220c9d]
V  [jvm.dll+0x223024]
V  [jvm.dll+0x220384]
V  [jvm.dll+0x19e851]
V  [jvm.dll+0x230479]
V  [jvm.dll+0x22e5ef]
V  [jvm.dll+0x794de1]
V  [jvm.dll+0x78dc24]
V  [jvm.dll+0x6400f6]
C  [ucrtbase.dll+0x26c0c]
C  [KERNEL32.DLL+0x155a0]
C  [ntdll.dll+0x485b]


---------------  P R O C E S S  ---------------

Threads class SMR info:
_java_thread_list=0x000001c2b8564b90, length=182, elements={
0x000001c29c301800, 0x000001c2b6bd9000, 0x000001c2b6be2000, 0x000001c2b7562800,
0x000001c2b6bf4000, 0x000001c2b6bf6000, 0x000001c2b6bf8000, 0x000001c2b6bfd000,
0x000001c2b6c0c000, 0x000001c2b76b0800, 0x000001c2b974c800, 0x000001c2b811e000,
0x000001c2b8ee8800, 0x000001c2b9084000, 0x000001c2b9084800, 0x000001c2b9085800,
0x000001c2b9086800, 0x000001c2b9083000, 0x000001c2b9089800, 0x000001c2b99ea000,
0x000001c2b99ec000, 0x000001c2b99ee800, 0x000001c2b99f1000, 0x000001c2b99eb000,
0x000001c2b99f3000, 0x000001c2bbc92000, 0x000001c2bbc93000, 0x000001c2bbc78800,
0x000001c2bbc75000, 0x000001c2bbc76800, 0x000001c2bbc77800, 0x000001c2bbc76000,
0x000001c2bbc7a000, 0x000001c2bbc74800, 0x000001c2b8723000, 0x000001c2bfdd9800,
0x000001c2bfdeb800, 0x000001c2be6d1000, 0x000001c2c1f4e800, 0x000001c2c1f53000,
0x000001c2c1f52800, 0x000001c2b871a000, 0x000001c2b99f7800, 0x000001c2bb490000,
0x000001c2bb496000, 0x000001c2bb494000, 0x000001c2bb496800, 0x000001c2b8720800,
0x000001c2bbc7e000, 0x000001c2bbc7b000, 0x000001c2bbc7f000, 0x000001c2bbc7c800,
0x000001c2bbc7d800, 0x000001c2bbc79000, 0x000001c2bbc7f800, 0x000001c2bbc7b800,
0x000001c2bbc81800, 0x000001c2bbc82000, 0x000001c2bbc83000, 0x000001c2be6d5000,
0x000001c2be6d3800, 0x000001c2be6d2800, 0x000001c2be6d4000, 0x000001c2be6d6000,
0x000001c2be6d0000, 0x000001c2be6d6800, 0x000001c2be6d7800, 0x000001c2be6d1800,
0x000001c2be6de000, 0x000001c2be6db800, 0x000001c2be6dd000, 0x000001c2be6da800,
0x000001c2be6d8000, 0x000001c2be6da000, 0x000001c2be6dc800, 0x000001c2be6de800,
0x000001c2be6d9000, 0x000001c2be6e1000, 0x000001c2be6e4800, 0x000001c2be6e5800,
0x000001c2be6e2000, 0x000001c2be6df800, 0x000001c2be6e3000, 0x000001c2be6e3800,
0x000001c2be6e6000, 0x000001c2be6e0800, 0x000001c2be6e7000, 0x000001c2be6e7800,
0x000001c2be6ee800, 0x000001c2be6ea000, 0x000001c2be6ed800, 0x000001c2be6e9800,
0x000001c2be6e8800, 0x000001c2be6ef000, 0x000001c2be6eb000, 0x000001c2be6ec000,
0x000001c2be6ec800, 0x000001c2bfdd8000, 0x000001c2bfdd3000, 0x000001c2bfdd6800,
0x000001c2bfdd5000, 0x000001c2bfdd4000, 0x000001c2bfdd7000, 0x000001c2bfdd2800,
0x000001c2bfddb800, 0x000001c2bfdd9000, 0x000001c2bfdda800, 0x000001c2bfdd5800,
0x000001c2bfde1000, 0x000001c2bfddd000, 0x000001c2bfde2000, 0x000001c2bfdde800,
0x000001c2bfddf800, 0x000001c2bfde0000, 0x000001c2bfddc000, 0x000001c2bfde4800,
0x000001c2bfde5000, 0x000001c2bfde6000, 0x000001c2bfde6800, 0x000001c2bfde7800,
0x000001c2bfde3800, 0x000001c2bfde8800, 0x000001c2bfde2800, 0x000001c2bfdea000,
0x000001c2bfdec800, 0x000001c2bfdef000, 0x000001c2bfde9000, 0x000001c2bfded800,
0x000001c2bfdee000, 0x000001c2bfdef800, 0x000001c2bfdf0800, 0x000001c2bfdeb000,
0x000001c2bb47f000, 0x000001c2bb480000, 0x000001c2bb484000, 0x000001c2bb482800,
0x000001c2bb485800, 0x000001c2bb481800, 0x000001c2bb484800, 0x000001c2bb483000,
0x000001c2bb486800, 0x000001c2bb480800, 0x000001c2bb48c000, 0x000001c2bb488000,
0x000001c2bb489000, 0x000001c2bb489800, 0x000001c2bb48a800, 0x000001c2bb48b800,
0x000001c2bb48d000, 0x000001c2bb487000, 0x000001c2bb48d800, 0x000001c2bb493800,
0x000001c2bb48e800, 0x000001c2bb495000, 0x000001c2bb491000, 0x000001c2bb48f800,
0x000001c2bb497800, 0x000001c2bb492000, 0x000001c2bb498800, 0x000001c2bb492800,
0x000001c2bb49c800, 0x000001c2bb499000, 0x000001c2bb49d000, 0x000001c2bb49b800,
0x000001c2bb49e000, 0x000001c2bb49a000, 0x000001c2bb49b000, 0x000001c2bbc87800,
0x000001c2bbc8a000, 0x000001c2bbc85000, 0x000001c2bbc86000, 0x000001c2bbc84800,
0x000001c2bbc86800, 0x000001c2bbc8b000, 0x000001c2bbc8c800, 0x000001c2bbc8d800,
0x000001c2bbc8b800, 0x000001c2bbc8e000, 0x000001c2bbc88800, 0x000001c2bbc8f000,
0x000001c2bbc89000, 0x000001c2bbc8f800
}

Java Threads: ( => current thread )
  0x000001c29c301800 JavaThread "main" [_thread_blocked, id=156892, stack(0x0000008339500000,0x0000008339600000)]
  0x000001c2b6bd9000 JavaThread "Reference Handler" daemon [_thread_blocked, id=163712, stack(0x0000008339c00000,0x0000008339d00000)]
  0x000001c2b6be2000 JavaThread "Finalizer" daemon [_thread_blocked, id=148128, stack(0x0000008339d00000,0x0000008339e00000)]
  0x000001c2b7562800 JavaThread "Signal Dispatcher" daemon [_thread_blocked, id=160976, stack(0x0000008339e00000,0x0000008339f00000)]
  0x000001c2b6bf4000 JavaThread "Attach Listener" daemon [_thread_blocked, id=158120, stack(0x0000008339f00000,0x000000833a000000)]
  0x000001c2b6bf6000 JavaThread "Service Thread" daemon [_thread_blocked, id=158272, stack(0x000000833a000000,0x000000833a100000)]
=>0x000001c2b6bf8000 JavaThread "C2 CompilerThread0" daemon [_thread_in_native, id=162628, stack(0x000000833a100000,0x000000833a200000)]
  0x000001c2b6bfd000 JavaThread "C1 CompilerThread0" daemon [_thread_blocked, id=162208, stack(0x000000833a200000,0x000000833a300000)]
  0x000001c2b6c0c000 JavaThread "Sweeper thread" daemon [_thread_blocked, id=153544, stack(0x000000833a300000,0x000000833a400000)]
  0x000001c2b76b0800 JavaThread "Common-Cleaner" daemon [_thread_blocked, id=158284, stack(0x000000833a400000,0x000000833a500000)]
  0x000001c2b974c800 JavaThread "Daemon health stats" [_thread_in_Java, id=130996, stack(0x000000833a700000,0x000000833a800000)]
  0x000001c2b811e000 JavaThread "Incoming local TCP Connector on port 50667" [_thread_in_native, id=161700, stack(0x000000833ab00000,0x000000833ac00000)]
  0x000001c2b8ee8800 JavaThread "Daemon periodic checks" [_thread_blocked, id=160944, stack(0x000000833ac00000,0x000000833ad00000)]
  0x000001c2b9084000 JavaThread "Cache worker for journal cache (C:\Users\HarshRaj\.gradle\caches\journal-1)" [_thread_blocked, id=155980, stack(0x000000833b400000,0x000000833b500000)]
  0x000001c2b9084800 JavaThread "File lock request listener" [_thread_in_native, id=163268, stack(0x000000833b500000,0x000000833b600000)]
  0x000001c2b9085800 JavaThread "Cache worker for file hash cache (C:\Users\HarshRaj\.gradle\caches\7.5\fileHashes)" [_thread_blocked, id=160812, stack(0x000000833bc00000,0x000000833bd00000)]
  0x000001c2b9086800 JavaThread "File watcher server" daemon [_thread_in_native, id=163124, stack(0x000000833bf00000,0x000000833c000000)]
  0x000001c2b9083000 JavaThread "File watcher consumer" daemon [_thread_blocked, id=156152, stack(0x000000833c000000,0x000000833c100000)]
  0x000001c2b9089800 JavaThread "Cache worker for file content cache (C:\Users\HarshRaj\.gradle\caches\7.5\fileContent)" [_thread_blocked, id=160592, stack(0x000000833c300000,0x000000833c400000)]
  0x000001c2b99ea000 JavaThread "Cache worker for execution history cache (C:\Users\HarshRaj\.gradle\caches\7.5\executionHistory)" [_thread_blocked, id=158780, stack(0x000000833c600000,0x000000833c700000)]
  0x000001c2b99ec000 JavaThread "jar transforms" [_thread_blocked, id=158012, stack(0x000000833c700000,0x000000833c800000)]
  0x000001c2b99ee800 JavaThread "jar transforms Thread 2" [_thread_blocked, id=149540, stack(0x000000833c800000,0x000000833c900000)]
  0x000001c2b99f1000 JavaThread "jar transforms Thread 3" [_thread_blocked, id=151872, stack(0x000000833c900000,0x000000833ca00000)]
  0x000001c2b99eb000 JavaThread "jar transforms Thread 4" [_thread_blocked, id=150972, stack(0x000000833ca00000,0x000000833cb00000)]
  0x000001c2b99f3000 JavaThread "jar transforms Thread 5" [_thread_blocked, id=163480, stack(0x000000833cc00000,0x000000833cd00000)]
  0x000001c2bbc92000 JavaThread "jar transforms Thread 6" [_thread_blocked, id=159148, stack(0x0000008344600000,0x0000008344700000)]
  0x000001c2bbc93000 JavaThread "jar transforms Thread 7" [_thread_blocked, id=133956, stack(0x0000008344700000,0x0000008344800000)]
  0x000001c2bbc78800 JavaThread "jar transforms Thread 8" [_thread_blocked, id=163808, stack(0x0000008344800000,0x0000008344900000)]
  0x000001c2bbc75000 JavaThread "jar transforms Thread 9" [_thread_blocked, id=111588, stack(0x0000008344900000,0x0000008344a00000)]
  0x000001c2bbc76800 JavaThread "jar transforms Thread 10" [_thread_blocked, id=157528, stack(0x0000008344a00000,0x0000008344b00000)]
  0x000001c2bbc77800 JavaThread "jar transforms Thread 11" [_thread_blocked, id=161952, stack(0x0000008344b00000,0x0000008344c00000)]
  0x000001c2bbc76000 JavaThread "jar transforms Thread 12" [_thread_blocked, id=137932, stack(0x0000008344c00000,0x0000008344d00000)]
  0x000001c2bbc7a000 JavaThread "Memory manager" [_thread_blocked, id=158168, stack(0x0000008344e00000,0x0000008344f00000)]
  0x000001c2bbc74800 JavaThread "pool-3-thread-1" [_thread_blocked, id=139860, stack(0x0000008344f00000,0x0000008345000000)]
  0x000001c2b8723000 JavaThread "pool-6-thread-1" [_thread_blocked, id=151508, stack(0x0000008344400000,0x0000008344500000)]
  0x000001c2bfdd9800 JavaThread "Cache worker for Java compile cache (C:\Users\HarshRaj\.gradle\caches\7.5\javaCompile)" [_thread_blocked, id=154656, stack(0x0000008345c00000,0x0000008345d00000)]
  0x000001c2bfdeb800 JavaThread "ForkJoinPool.commonPool-worker-19" daemon [_thread_blocked, id=128260, stack(0x000000833af00000,0x000000833b000000)]
  0x000001c2be6d1000 JavaThread "pool-10-thread-1" [_thread_blocked, id=162664, stack(0x0000008345700000,0x0000008345800000)]
  0x000001c2c1f4e800 JavaThread "ForkJoinPool.commonPool-worker-29" daemon [_thread_blocked, id=161056, stack(0x0000008348500000,0x0000008348600000)]
  0x000001c2c1f53000 JavaThread "ForkJoinPool.commonPool-worker-1" daemon [_thread_blocked, id=161984, stack(0x0000008348800000,0x0000008348900000)]
  0x000001c2c1f52800 JavaThread "ForkJoinPool.commonPool-worker-9" daemon [_thread_blocked, id=153808, stack(0x0000008348900000,0x0000008348a00000)]
  0x000001c2b871a000 JavaThread "pool-14-thread-1" [_thread_blocked, id=151128, stack(0x0000008345800000,0x0000008345900000)]
  0x000001c2b99f7800 JavaThread "pool-17-thread-1" [_thread_blocked, id=160400, stack(0x0000008345900000,0x0000008345a00000)]
  0x000001c2bb490000 JavaThread "ForkJoinPool.commonPool-worker-27" daemon [_thread_blocked, id=137840, stack(0x0000008348300000,0x0000008348400000)]
  0x000001c2bb496000 JavaThread "ForkJoinPool.commonPool-worker-11" daemon [_thread_blocked, id=119012, stack(0x0000008348400000,0x0000008348500000)]
  0x000001c2bb494000 JavaThread "ForkJoinPool.commonPool-worker-17" daemon [_thread_blocked, id=115024, stack(0x0000008348700000,0x0000008348800000)]
  0x000001c2bb496800 JavaThread "ForkJoinPool.commonPool-worker-31" daemon [_thread_blocked, id=161836, stack(0x0000008348a00000,0x0000008348b00000)]
  0x000001c2b8720800 JavaThread "pool-21-thread-1" [_thread_blocked, id=147916, stack(0x0000008345a00000,0x0000008345b00000)]
  0x000001c2bbc7e000 JavaThread "Daemon Thread 6" [_thread_blocked, id=143864, stack(0x0000008339200000,0x0000008339300000)]
  0x000001c2bbc7b000 JavaThread "Handler for socket connection from /127.0.0.1:50667 to /127.0.0.1:52252" [_thread_in_native, id=155168, stack(0x0000008339300000,0x0000008339400000)]
  0x000001c2bbc7f000 JavaThread "Cancel handler" [_thread_blocked, id=143412, stack(0x0000008339400000,0x0000008339500000)]
  0x000001c2bbc7c800 JavaThread "Daemon worker Thread 6" [_thread_in_Java, id=163108, stack(0x000000833ad00000,0x000000833ae00000)]
  0x000001c2bbc7d800 JavaThread "Asynchronous log dispatcher for DefaultDaemonConnection: socket connection from /127.0.0.1:50667 to /127.0.0.1:52252" [_thread_blocked, id=148536, stack(0x000000833ae00000,0x000000833af00000)]
  0x000001c2bbc79000 JavaThread "Stdin handler" [_thread_blocked, id=148740, stack(0x000000833b000000,0x000000833b100000)]
  0x000001c2bbc7f800 JavaThread "Daemon client event forwarder" [_thread_blocked, id=163456, stack(0x000000833c500000,0x000000833c600000)]
  0x000001c2bbc7b800 JavaThread "Cache worker for checksums cache (C:\Users\HarshRaj\B2 Android\login\.gradle\7.5\checksums)" [_thread_blocked, id=151016, stack(0x000000833ce00000,0x000000833cf00000)]
  0x000001c2bbc81800 JavaThread "Cache worker for cache directory md-rule (C:\Users\HarshRaj\.gradle\caches\7.5\md-rule)" [_thread_blocked, id=160420, stack(0x000000833cf00000,0x000000833d000000)]
  0x000001c2bbc82000 JavaThread "Cache worker for file hash cache (C:\Users\HarshRaj\B2 Android\login\.gradle\7.5\fileHashes)" [_thread_blocked, id=158344, stack(0x000000833d000000,0x000000833d100000)]
  0x000001c2bbc83000 JavaThread "Cache worker for cache directory md-supplier (C:\Users\HarshRaj\.gradle\caches\7.5\md-supplier)" [_thread_blocked, id=148760, stack(0x000000833d100000,0x000000833d200000)]
  0x000001c2be6d5000 JavaThread "Cache worker for dependencies-accessors (C:\Users\HarshRaj\B2 Android\login\.gradle\7.5\dependencies-accessors)" [_thread_blocked, id=162568, stack(0x000000833d200000,0x000000833d300000)]
  0x000001c2be6d3800 JavaThread "Cache worker for Build Output Cleanup Cache (C:\Users\HarshRaj\B2 Android\login\.gradle\buildOutputCleanup)" [_thread_blocked, id=137756, stack(0x000000833d300000,0x000000833d400000)]
  0x000001c2be6d2800 JavaThread "Unconstrained build operations" [_thread_blocked, id=138552, stack(0x000000833d400000,0x000000833d500000)]
  0x000001c2be6d4000 JavaThread "Unconstrained build operations Thread 2" [_thread_blocked, id=117948, stack(0x000000833d500000,0x000000833d600000)]
  0x000001c2be6d6000 JavaThread "Unconstrained build operations Thread 3" [_thread_blocked, id=162704, stack(0x000000833d600000,0x000000833d700000)]
  0x000001c2be6d0000 JavaThread "Unconstrained build operations Thread 4" [_thread_blocked, id=156508, stack(0x000000833d700000,0x000000833d800000)]
  0x000001c2be6d6800 JavaThread "Unconstrained build operations Thread 5" [_thread_blocked, id=150448, stack(0x000000833d800000,0x000000833d900000)]
  0x000001c2be6d7800 JavaThread "Unconstrained build operations Thread 6" [_thread_blocked, id=161292, stack(0x000000833d900000,0x000000833da00000)]
  0x000001c2be6d1800 JavaThread "Unconstrained build operations Thread 7" [_thread_blocked, id=122260, stack(0x000000833da00000,0x000000833db00000)]
  0x000001c2be6de000 JavaThread "Unconstrained build operations Thread 8" [_thread_blocked, id=163468, stack(0x000000833db00000,0x000000833dc00000)]
  0x000001c2be6db800 JavaThread "Unconstrained build operations Thread 9" [_thread_blocked, id=150704, stack(0x000000833dc00000,0x000000833dd00000)]
  0x000001c2be6dd000 JavaThread "Unconstrained build operations Thread 10" [_thread_blocked, id=148652, stack(0x000000833dd00000,0x000000833de00000)]
  0x000001c2be6da800 JavaThread "Unconstrained build operations Thread 11" [_thread_blocked, id=148408, stack(0x000000833de00000,0x000000833df00000)]
  0x000001c2be6d8000 JavaThread "Unconstrained build operations Thread 12" [_thread_blocked, id=156096, stack(0x000000833df00000,0x000000833e000000)]
  0x000001c2be6da000 JavaThread "Unconstrained build operations Thread 13" [_thread_blocked, id=147848, stack(0x000000833e000000,0x000000833e100000)]
  0x000001c2be6dc800 JavaThread "Unconstrained build operations Thread 14" [_thread_blocked, id=155684, stack(0x000000833e100000,0x000000833e200000)]
  0x000001c2be6de800 JavaThread "Unconstrained build operations Thread 15" [_thread_blocked, id=151948, stack(0x000000833e200000,0x000000833e300000)]
  0x000001c2be6d9000 JavaThread "Unconstrained build operations Thread 16" [_thread_blocked, id=137360, stack(0x000000833e300000,0x000000833e400000)]
  0x000001c2be6e1000 JavaThread "Unconstrained build operations Thread 17" [_thread_blocked, id=163528, stack(0x000000833e400000,0x000000833e500000)]
  0x000001c2be6e4800 JavaThread "Unconstrained build operations Thread 18" [_thread_blocked, id=159260, stack(0x000000833e500000,0x000000833e600000)]
  0x000001c2be6e5800 JavaThread "Unconstrained build operations Thread 19" [_thread_blocked, id=154420, stack(0x000000833e600000,0x000000833e700000)]
  0x000001c2be6e2000 JavaThread "Unconstrained build operations Thread 20" [_thread_blocked, id=142036, stack(0x000000833e700000,0x000000833e800000)]
  0x000001c2be6df800 JavaThread "Unconstrained build operations Thread 21" [_thread_blocked, id=124516, stack(0x000000833e800000,0x000000833e900000)]
  0x000001c2be6e3000 JavaThread "Unconstrained build operations Thread 22" [_thread_blocked, id=144904, stack(0x000000833e900000,0x000000833ea00000)]
  0x000001c2be6e3800 JavaThread "Unconstrained build operations Thread 23" [_thread_blocked, id=151824, stack(0x000000833ea00000,0x000000833eb00000)]
  0x000001c2be6e6000 JavaThread "Unconstrained build operations Thread 24" [_thread_blocked, id=161460, stack(0x000000833eb00000,0x000000833ec00000)]
  0x000001c2be6e0800 JavaThread "Unconstrained build operations Thread 25" [_thread_blocked, id=152396, stack(0x000000833ec00000,0x000000833ed00000)]
  0x000001c2be6e7000 JavaThread "Unconstrained build operations Thread 26" [_thread_blocked, id=157200, stack(0x000000833ed00000,0x000000833ee00000)]
  0x000001c2be6e7800 JavaThread "Unconstrained build operations Thread 27" [_thread_blocked, id=151816, stack(0x000000833ee00000,0x000000833ef00000)]
  0x000001c2be6ee800 JavaThread "Unconstrained build operations Thread 28" [_thread_blocked, id=141364, stack(0x000000833ef00000,0x000000833f000000)]
  0x000001c2be6ea000 JavaThread "Unconstrained build operations Thread 29" [_thread_blocked, id=161432, stack(0x000000833f000000,0x000000833f100000)]
  0x000001c2be6ed800 JavaThread "Unconstrained build operations Thread 30" [_thread_blocked, id=160080, stack(0x000000833f100000,0x000000833f200000)]
  0x000001c2be6e9800 JavaThread "Unconstrained build operations Thread 31" [_thread_blocked, id=162728, stack(0x000000833f200000,0x000000833f300000)]
  0x000001c2be6e8800 JavaThread "Unconstrained build operations Thread 32" [_thread_blocked, id=160180, stack(0x000000833f300000,0x000000833f400000)]
  0x000001c2be6ef000 JavaThread "Unconstrained build operations Thread 33" [_thread_blocked, id=156216, stack(0x000000833f400000,0x000000833f500000)]
  0x000001c2be6eb000 JavaThread "Unconstrained build operations Thread 34" [_thread_blocked, id=142540, stack(0x000000833f500000,0x000000833f600000)]
  0x000001c2be6ec000 JavaThread "Unconstrained build operations Thread 35" [_thread_blocked, id=134836, stack(0x000000833f600000,0x000000833f700000)]
  0x000001c2be6ec800 JavaThread "Unconstrained build operations Thread 36" [_thread_blocked, id=151256, stack(0x000000833f700000,0x000000833f800000)]
  0x000001c2bfdd8000 JavaThread "Unconstrained build operations Thread 37" [_thread_blocked, id=148344, stack(0x000000833f800000,0x000000833f900000)]
  0x000001c2bfdd3000 JavaThread "Unconstrained build operations Thread 38" [_thread_blocked, id=146644, stack(0x000000833f900000,0x000000833fa00000)]
  0x000001c2bfdd6800 JavaThread "Unconstrained build operations Thread 39" [_thread_blocked, id=118052, stack(0x000000833fa00000,0x000000833fb00000)]
  0x000001c2bfdd5000 JavaThread "Unconstrained build operations Thread 40" [_thread_blocked, id=149972, stack(0x000000833fb00000,0x000000833fc00000)]
  0x000001c2bfdd4000 JavaThread "Unconstrained build operations Thread 41" [_thread_blocked, id=152256, stack(0x000000833fc00000,0x000000833fd00000)]
  0x000001c2bfdd7000 JavaThread "Unconstrained build operations Thread 42" [_thread_blocked, id=155860, stack(0x000000833fd00000,0x000000833fe00000)]
  0x000001c2bfdd2800 JavaThread "Unconstrained build operations Thread 43" [_thread_blocked, id=153016, stack(0x000000833fe00000,0x000000833ff00000)]
  0x000001c2bfddb800 JavaThread "Unconstrained build operations Thread 44" [_thread_blocked, id=155060, stack(0x000000833ff00000,0x0000008340000000)]
  0x000001c2bfdd9000 JavaThread "Unconstrained build operations Thread 45" [_thread_blocked, id=159272, stack(0x0000008340000000,0x0000008340100000)]
  0x000001c2bfdda800 JavaThread "Unconstrained build operations Thread 46" [_thread_blocked, id=121136, stack(0x0000008340100000,0x0000008340200000)]
  0x000001c2bfdd5800 JavaThread "Unconstrained build operations Thread 47" [_thread_blocked, id=162716, stack(0x0000008340200000,0x0000008340300000)]
  0x000001c2bfde1000 JavaThread "Unconstrained build operations Thread 48" [_thread_blocked, id=153040, stack(0x0000008340300000,0x0000008340400000)]
  0x000001c2bfddd000 JavaThread "Unconstrained build operations Thread 49" [_thread_blocked, id=154960, stack(0x0000008340400000,0x0000008340500000)]
  0x000001c2bfde2000 JavaThread "Unconstrained build operations Thread 50" [_thread_blocked, id=145212, stack(0x0000008340500000,0x0000008340600000)]
  0x000001c2bfdde800 JavaThread "Unconstrained build operations Thread 51" [_thread_blocked, id=151268, stack(0x0000008340600000,0x0000008340700000)]
  0x000001c2bfddf800 JavaThread "Unconstrained build operations Thread 52" [_thread_blocked, id=154248, stack(0x0000008340700000,0x0000008340800000)]
  0x000001c2bfde0000 JavaThread "Unconstrained build operations Thread 53" [_thread_blocked, id=155472, stack(0x0000008340800000,0x0000008340900000)]
  0x000001c2bfddc000 JavaThread "Unconstrained build operations Thread 54" [_thread_blocked, id=159024, stack(0x0000008340900000,0x0000008340a00000)]
  0x000001c2bfde4800 JavaThread "Unconstrained build operations Thread 55" [_thread_blocked, id=141368, stack(0x0000008340a00000,0x0000008340b00000)]
  0x000001c2bfde5000 JavaThread "Unconstrained build operations Thread 56" [_thread_blocked, id=131552, stack(0x0000008340b00000,0x0000008340c00000)]
  0x000001c2bfde6000 JavaThread "Unconstrained build operations Thread 57" [_thread_blocked, id=138324, stack(0x0000008340c00000,0x0000008340d00000)]
  0x000001c2bfde6800 JavaThread "Unconstrained build operations Thread 58" [_thread_blocked, id=135136, stack(0x0000008340d00000,0x0000008340e00000)]
  0x000001c2bfde7800 JavaThread "Unconstrained build operations Thread 59" [_thread_blocked, id=157064, stack(0x0000008340e00000,0x0000008340f00000)]
  0x000001c2bfde3800 JavaThread "Unconstrained build operations Thread 60" [_thread_blocked, id=155460, stack(0x0000008340f00000,0x0000008341000000)]
  0x000001c2bfde8800 JavaThread "Unconstrained build operations Thread 61" [_thread_blocked, id=153708, stack(0x0000008341000000,0x0000008341100000)]
  0x000001c2bfde2800 JavaThread "Unconstrained build operations Thread 62" [_thread_blocked, id=158616, stack(0x0000008341100000,0x0000008341200000)]
  0x000001c2bfdea000 JavaThread "Unconstrained build operations Thread 63" [_thread_blocked, id=163720, stack(0x0000008341200000,0x0000008341300000)]
  0x000001c2bfdec800 JavaThread "Unconstrained build operations Thread 64" [_thread_blocked, id=162224, stack(0x0000008341300000,0x0000008341400000)]
  0x000001c2bfdef000 JavaThread "Unconstrained build operations Thread 65" [_thread_blocked, id=161872, stack(0x0000008341400000,0x0000008341500000)]
  0x000001c2bfde9000 JavaThread "Unconstrained build operations Thread 66" [_thread_blocked, id=155024, stack(0x0000008341500000,0x0000008341600000)]
  0x000001c2bfded800 JavaThread "Unconstrained build operations Thread 67" [_thread_blocked, id=150720, stack(0x0000008341600000,0x0000008341700000)]
  0x000001c2bfdee000 JavaThread "Unconstrained build operations Thread 68" [_thread_blocked, id=134204, stack(0x0000008341700000,0x0000008341800000)]
  0x000001c2bfdef800 JavaThread "Unconstrained build operations Thread 69" [_thread_blocked, id=158576, stack(0x0000008341800000,0x0000008341900000)]
  0x000001c2bfdf0800 JavaThread "Unconstrained build operations Thread 70" [_thread_blocked, id=162220, stack(0x0000008341900000,0x0000008341a00000)]
  0x000001c2bfdeb000 JavaThread "Unconstrained build operations Thread 71" [_thread_blocked, id=154784, stack(0x0000008341a00000,0x0000008341b00000)]
  0x000001c2bb47f000 JavaThread "Unconstrained build operations Thread 72" [_thread_blocked, id=161904, stack(0x0000008341b00000,0x0000008341c00000)]
  0x000001c2bb480000 JavaThread "Unconstrained build operations Thread 73" [_thread_blocked, id=154716, stack(0x0000008341c00000,0x0000008341d00000)]
  0x000001c2bb484000 JavaThread "Unconstrained build operations Thread 74" [_thread_blocked, id=138136, stack(0x0000008341d00000,0x0000008341e00000)]
  0x000001c2bb482800 JavaThread "Unconstrained build operations Thread 75" [_thread_blocked, id=157284, stack(0x0000008341e00000,0x0000008341f00000)]
  0x000001c2bb485800 JavaThread "Unconstrained build operations Thread 76" [_thread_blocked, id=151844, stack(0x0000008341f00000,0x0000008342000000)]
  0x000001c2bb481800 JavaThread "Unconstrained build operations Thread 77" [_thread_blocked, id=161004, stack(0x0000008342000000,0x0000008342100000)]
  0x000001c2bb484800 JavaThread "Unconstrained build operations Thread 78" [_thread_blocked, id=139092, stack(0x0000008342100000,0x0000008342200000)]
  0x000001c2bb483000 JavaThread "Unconstrained build operations Thread 79" [_thread_blocked, id=150156, stack(0x0000008342200000,0x0000008342300000)]
  0x000001c2bb486800 JavaThread "Unconstrained build operations Thread 80" [_thread_blocked, id=138508, stack(0x0000008342300000,0x0000008342400000)]
  0x000001c2bb480800 JavaThread "Unconstrained build operations Thread 81" [_thread_blocked, id=146592, stack(0x0000008342400000,0x0000008342500000)]
  0x000001c2bb48c000 JavaThread "Unconstrained build operations Thread 82" [_thread_blocked, id=163508, stack(0x0000008342500000,0x0000008342600000)]
  0x000001c2bb488000 JavaThread "Unconstrained build operations Thread 83" [_thread_blocked, id=163196, stack(0x0000008342600000,0x0000008342700000)]
  0x000001c2bb489000 JavaThread "Unconstrained build operations Thread 84" [_thread_blocked, id=163328, stack(0x0000008342700000,0x0000008342800000)]
  0x000001c2bb489800 JavaThread "Unconstrained build operations Thread 85" [_thread_blocked, id=155568, stack(0x0000008342800000,0x0000008342900000)]
  0x000001c2bb48a800 JavaThread "Unconstrained build operations Thread 86" [_thread_blocked, id=163404, stack(0x0000008342900000,0x0000008342a00000)]
  0x000001c2bb48b800 JavaThread "Unconstrained build operations Thread 87" [_thread_blocked, id=154416, stack(0x0000008342a00000,0x0000008342b00000)]
  0x000001c2bb48d000 JavaThread "Unconstrained build operations Thread 88" [_thread_blocked, id=155144, stack(0x0000008342b00000,0x0000008342c00000)]
  0x000001c2bb487000 JavaThread "Unconstrained build operations Thread 89" [_thread_blocked, id=159592, stack(0x0000008342c00000,0x0000008342d00000)]
  0x000001c2bb48d800 JavaThread "Unconstrained build operations Thread 90" [_thread_blocked, id=123380, stack(0x0000008342d00000,0x0000008342e00000)]
  0x000001c2bb493800 JavaThread "Unconstrained build operations Thread 91" [_thread_blocked, id=161808, stack(0x0000008342e00000,0x0000008342f00000)]
  0x000001c2bb48e800 JavaThread "Unconstrained build operations Thread 92" [_thread_blocked, id=162612, stack(0x0000008342f00000,0x0000008343000000)]
  0x000001c2bb495000 JavaThread "Unconstrained build operations Thread 93" [_thread_blocked, id=163400, stack(0x0000008343000000,0x0000008343100000)]
  0x000001c2bb491000 JavaThread "Unconstrained build operations Thread 94" [_thread_blocked, id=132480, stack(0x0000008343100000,0x0000008343200000)]
  0x000001c2bb48f800 JavaThread "Unconstrained build operations Thread 95" [_thread_blocked, id=157204, stack(0x0000008343200000,0x0000008343300000)]
  0x000001c2bb497800 JavaThread "Unconstrained build operations Thread 96" [_thread_blocked, id=155496, stack(0x0000008343300000,0x0000008343400000)]
  0x000001c2bb492000 JavaThread "Unconstrained build operations Thread 97" [_thread_blocked, id=161172, stack(0x0000008343400000,0x0000008343500000)]
  0x000001c2bb498800 JavaThread "Unconstrained build operations Thread 98" [_thread_blocked, id=134300, stack(0x0000008343500000,0x0000008343600000)]
  0x000001c2bb492800 JavaThread "Unconstrained build operations Thread 99" [_thread_blocked, id=140888, stack(0x0000008343600000,0x0000008343700000)]
  0x000001c2bb49c800 JavaThread "Unconstrained build operations Thread 100" [_thread_blocked, id=156168, stack(0x0000008343700000,0x0000008343800000)]
  0x000001c2bb499000 JavaThread "Unconstrained build operations Thread 101" [_thread_blocked, id=151924, stack(0x0000008343800000,0x0000008343900000)]
  0x000001c2bb49d000 JavaThread "Unconstrained build operations Thread 102" [_thread_blocked, id=160648, stack(0x0000008343900000,0x0000008343a00000)]
  0x000001c2bb49b800 JavaThread "Unconstrained build operations Thread 103" [_thread_blocked, id=162936, stack(0x0000008343a00000,0x0000008343b00000)]
  0x000001c2bb49e000 JavaThread "Unconstrained build operations Thread 104" [_thread_blocked, id=156696, stack(0x0000008343b00000,0x0000008343c00000)]
  0x000001c2bb49a000 JavaThread "Unconstrained build operations Thread 105" [_thread_blocked, id=163716, stack(0x0000008343c00000,0x0000008343d00000)]
  0x000001c2bb49b000 JavaThread "Unconstrained build operations Thread 106" [_thread_blocked, id=155280, stack(0x0000008343d00000,0x0000008343e00000)]
  0x000001c2bbc87800 JavaThread "Unconstrained build operations Thread 107" [_thread_blocked, id=158908, stack(0x0000008343e00000,0x0000008343f00000)]
  0x000001c2bbc8a000 JavaThread "Unconstrained build operations Thread 108" [_thread_blocked, id=161956, stack(0x0000008343f00000,0x0000008344000000)]
  0x000001c2bbc85000 JavaThread "Unconstrained build operations Thread 109" [_thread_blocked, id=151800, stack(0x0000008344000000,0x0000008344100000)]
  0x000001c2bbc86000 JavaThread "Unconstrained build operations Thread 110" [_thread_blocked, id=158480, stack(0x0000008344100000,0x0000008344200000)]
  0x000001c2bbc84800 JavaThread "Unconstrained build operations Thread 111" [_thread_blocked, id=163048, stack(0x0000008344200000,0x0000008344300000)]
  0x000001c2bbc86800 JavaThread "Unconstrained build operations Thread 112" [_thread_blocked, id=150320, stack(0x0000008344300000,0x0000008344400000)]
  0x000001c2bbc8b000 JavaThread "Unconstrained build operations Thread 113" [_thread_blocked, id=162176, stack(0x0000008344500000,0x0000008344600000)]
  0x000001c2bbc8c800 JavaThread "Unconstrained build operations Thread 114" [_thread_blocked, id=159924, stack(0x0000008344d00000,0x0000008344e00000)]
  0x000001c2bbc8d800 JavaThread "Unconstrained build operations Thread 115" [_thread_blocked, id=160068, stack(0x0000008345000000,0x0000008345100000)]
  0x000001c2bbc8b800 JavaThread "Unconstrained build operations Thread 116" [_thread_blocked, id=157184, stack(0x0000008345100000,0x0000008345200000)]
  0x000001c2bbc8e000 JavaThread "Unconstrained build operations Thread 117" [_thread_blocked, id=155432, stack(0x0000008345200000,0x0000008345300000)]
  0x000001c2bbc88800 JavaThread "Unconstrained build operations Thread 118" [_thread_blocked, id=150784, stack(0x0000008345300000,0x0000008345400000)]
  0x000001c2bbc8f000 JavaThread "Unconstrained build operations Thread 119" [_thread_blocked, id=163624, stack(0x0000008345400000,0x0000008345500000)]
  0x000001c2bbc89000 JavaThread "Unconstrained build operations Thread 120" [_thread_blocked, id=157988, stack(0x0000008345500000,0x0000008345600000)]
  0x000001c2bbc8f800 JavaThread "build event listener" [_thread_blocked, id=161284, stack(0x0000008345600000,0x0000008345700000)]

Other Threads:
  0x000001c2b6bd5000 VMThread "VM Thread" [stack: 0x0000008339b00000,0x0000008339c00000] [id=154308]
  0x000001c2b76c9000 WatcherThread [stack: 0x000000833a500000,0x000000833a600000] [id=146720]
  0x000001c29c31b000 GCTaskThread "GC Thread#0" [stack: 0x0000008339600000,0x0000008339700000] [id=121316]
  0x000001c2b851e800 GCTaskThread "GC Thread#1" [stack: 0x000000833a600000,0x000000833a700000] [id=146088]
  0x000001c2b851d000 GCTaskThread "GC Thread#2" [stack: 0x000000833a800000,0x000000833a900000] [id=163140]
  0x000001c2b851d800 GCTaskThread "GC Thread#3" [stack: 0x000000833a900000,0x000000833aa00000] [id=156888]
  0x000001c2b7f32800 GCTaskThread "GC Thread#4" [stack: 0x000000833b600000,0x000000833b700000] [id=162912]
  0x000001c2b94a0000 GCTaskThread "GC Thread#5" [stack: 0x000000833b700000,0x000000833b800000] [id=162892]
  0x000001c2b947a800 GCTaskThread "GC Thread#6" [stack: 0x000000833b800000,0x000000833b900000] [id=162896]
  0x000001c2b854c800 GCTaskThread "GC Thread#7" [stack: 0x000000833b900000,0x000000833ba00000] [id=162916]
  0x000001c2b947f000 GCTaskThread "GC Thread#8" [stack: 0x000000833ba00000,0x000000833bb00000] [id=162884]
  0x000001c2b93ea800 GCTaskThread "GC Thread#9" [stack: 0x000000833bb00000,0x000000833bc00000] [id=162880]
  0x000001c29c34e800 ConcurrentGCThread "G1 Main Marker" [stack: 0x0000008339700000,0x0000008339800000] [id=163320]
  0x000001c29c350800 ConcurrentGCThread "G1 Conc#0" [stack: 0x0000008339800000,0x0000008339900000] [id=163128]
  0x000001c2b96b1800 ConcurrentGCThread "G1 Conc#1" [stack: 0x000000833bd00000,0x000000833be00000] [id=160496]
  0x000001c2b9741000 ConcurrentGCThread "G1 Conc#2" [stack: 0x000000833be00000,0x000000833bf00000] [id=135240]
  0x000001c29c3ce000 ConcurrentGCThread "G1 Refine#0" [stack: 0x0000008339900000,0x0000008339a00000] [id=159528]
  0x000001c2b83b8000 ConcurrentGCThread "G1 Refine#1" [stack: 0x000000833aa00000,0x000000833ab00000] [id=155596]
  0x000001c2c1f96000 ConcurrentGCThread "G1 Refine#2" [stack: 0x000000833b100000,0x000000833b200000] [id=152456]
  0x000001c2b9d82000 ConcurrentGCThread "G1 Refine#3" [stack: 0x000000833b200000,0x000000833b300000] [id=147720]
  0x000001c2c1f79800 ConcurrentGCThread "G1 Refine#4" [stack: 0x000000833b300000,0x000000833b400000] [id=155044]
  0x000001c2b75e2800 ConcurrentGCThread "G1 Refine#5" [stack: 0x000000833c100000,0x000000833c200000] [id=144932]
  0x000001c2bfa02000 ConcurrentGCThread "G1 Refine#6" [stack: 0x000000833c200000,0x000000833c300000] [id=162068]
  0x000001c2bfa03000 ConcurrentGCThread "G1 Refine#7" [stack: 0x000000833c400000,0x000000833c500000] [id=147860]
  0x000001c2b86f3800 ConcurrentGCThread "G1 Refine#8" [stack: 0x000000833cb00000,0x000000833cc00000] [id=138644]
  0x000001c2b9c13800 ConcurrentGCThread "G1 Refine#9" [stack: 0x000000833cd00000,0x000000833ce00000] [id=154944]
  0x000001c29c3d1000 ConcurrentGCThread "G1 Young RemSet Sampling" [stack: 0x0000008339a00000,0x0000008339b00000] [id=150896]

Threads with active compile tasks:
C2 CompilerThread0  1702828 20519   !   4       org.gradle.api.internal.provider.DefaultValueSourceProviderFactory$LazilyObtainedValue::obtain (145 bytes)
C1 CompilerThread0  1702828 20529       1       org.gradle.cache.PersistentIndexedCacheParameters::getCacheDecorator (5 bytes)

VM state:not at safepoint (normal execution)

VM Mutex/Monitor currently owned by a thread: None

Heap address: 0x0000000080000000, size: 2048 MB, Compressed Oops mode: 32-bit
Narrow klass base: 0x0000000000000000, Narrow klass shift: 3
Compressed class space size: 1073741824 Address: 0x0000000100000000

Heap:
 garbage-first heap   total 226304K, used 186407K [0x0000000080000000, 0x0000000100000000)
  region size 1024K, 34 young (34816K), 3 survivors (3072K)
 Metaspace       used 123620K, capacity 127406K, committed 127912K, reserved 1161216K
  class space    used 15576K, capacity 17037K, committed 17252K, reserved 1048576K
Heap Regions: E=young(eden), S=young(survivor), O=old, HS=humongous(starts), HC=humongous(continues), CS=collection set, F=free, A=archive, TAMS=top-at-mark-start (previous, next)
|   0|0x0000000080000000, 0x0000000080100000, 0x0000000080100000|100%| O|  |TAMS 0x0000000080100000, 0x0000000080000000| Untracked 
|   1|0x0000000080100000, 0x0000000080200000, 0x0000000080200000|100%| O|  |TAMS 0x0000000080200000, 0x0000000080100000| Complete 
|   2|0x0000000080200000, 0x0000000080300000, 0x0000000080300000|100%| O|  |TAMS 0x0000000080300000, 0x0000000080200000| Untracked 
|   3|0x0000000080300000, 0x0000000080400000, 0x0000000080400000|100%|HS|  |TAMS 0x0000000080400000, 0x0000000080300000| Complete 
|   4|0x0000000080400000, 0x0000000080500000, 0x0000000080500000|100%|HC|  |TAMS 0x0000000080500000, 0x0000000080400000| Complete 
|   5|0x0000000080500000, 0x0000000080600000, 0x0000000080600000|100%|HC|  |TAMS 0x0000000080600000, 0x0000000080500000| Complete 
|   6|0x0000000080600000, 0x0000000080700000, 0x0000000080700000|100%| O|  |TAMS 0x0000000080700000, 0x0000000080600000| Untracked 
|   7|0x0000000080700000, 0x0000000080800000, 0x0000000080800000|100%| O|  |TAMS 0x0000000080800000, 0x0000000080700000| Untracked 
|   8|0x0000000080800000, 0x0000000080900000, 0x0000000080900000|100%| O|  |TAMS 0x0000000080900000, 0x0000000080800000| Untracked 
|   9|0x0000000080900000, 0x0000000080a00000, 0x0000000080a00000|100%| O|  |TAMS 0x0000000080a00000, 0x0000000080900000| Untracked 
|  10|0x0000000080a00000, 0x0000000080b00000, 0x0000000080b00000|100%| O|  |TAMS 0x0000000080b00000, 0x0000000080a00000| Untracked 
|  11|0x0000000080b00000, 0x0000000080c00000, 0x0000000080c00000|100%| O|  |TAMS 0x0000000080c00000, 0x0000000080b00000| Untracked 
|  12|0x0000000080c00000, 0x0000000080d00000, 0x0000000080d00000|100%| O|  |TAMS 0x0000000080d00000, 0x0000000080c00000| Untracked 
|  13|0x0000000080d00000, 0x0000000080e00000, 0x0000000080e00000|100%| O|  |TAMS 0x0000000080e00000, 0x0000000080d00000| Untracked 
|  14|0x0000000080e00000, 0x0000000080f00000, 0x0000000080f00000|100%| O|  |TAMS 0x0000000080f00000, 0x0000000080e00000| Untracked 
|  15|0x0000000080f00000, 0x0000000081000000, 0x0000000081000000|100%| O|  |TAMS 0x0000000081000000, 0x0000000080f00000| Complete 
|  16|0x0000000081000000, 0x0000000081100000, 0x0000000081100000|100%| O|  |TAMS 0x0000000081100000, 0x0000000081000000| Complete 
|  17|0x0000000081100000, 0x0000000081200000, 0x0000000081200000|100%| O|  |TAMS 0x0000000081200000, 0x0000000081100000| Untracked 
|  18|0x0000000081200000, 0x0000000081300000, 0x0000000081300000|100%| O|  |TAMS 0x0000000081300000, 0x0000000081200000| Complete 
|  19|0x0000000081300000, 0x0000000081400000, 0x0000000081400000|100%| O|  |TAMS 0x0000000081400000, 0x0000000081300000| Complete 
|  20|0x0000000081400000, 0x0000000081500000, 0x0000000081500000|100%| O|  |TAMS 0x0000000081500000, 0x0000000081400000| Untracked 
|  21|0x0000000081500000, 0x0000000081600000, 0x0000000081600000|100%| O|  |TAMS 0x0000000081600000, 0x0000000081500000| Untracked 
|  22|0x0000000081600000, 0x0000000081700000, 0x0000000081700000|100%| O|  |TAMS 0x0000000081700000, 0x0000000081600000| Untracked 
|  23|0x0000000081700000, 0x0000000081800000, 0x0000000081800000|100%| O|  |TAMS 0x0000000081800000, 0x0000000081700000| Untracked 
|  24|0x0000000081800000, 0x0000000081900000, 0x0000000081900000|100%| O|  |TAMS 0x0000000081900000, 0x0000000081800000| Untracked 
|  25|0x0000000081900000, 0x0000000081a00000, 0x0000000081a00000|100%| O|  |TAMS 0x0000000081a00000, 0x0000000081900000| Untracked 
|  26|0x0000000081a00000, 0x0000000081b00000, 0x0000000081b00000|100%| O|  |TAMS 0x0000000081b00000, 0x0000000081a00000| Untracked 
|  27|0x0000000081b00000, 0x0000000081c00000, 0x0000000081c00000|100%| O|  |TAMS 0x0000000081c00000, 0x0000000081b00000| Untracked 
|  28|0x0000000081c00000, 0x0000000081d00000, 0x0000000081d00000|100%| O|  |TAMS 0x0000000081d00000, 0x0000000081c00000| Complete 
|  29|0x0000000081d00000, 0x0000000081e00000, 0x0000000081e00000|100%|HS|  |TAMS 0x0000000081e00000, 0x0000000081d00000| Complete 
|  30|0x0000000081e00000, 0x0000000081f00000, 0x0000000081f00000|100%|HS|  |TAMS 0x0000000081f00000, 0x0000000081e00000| Complete 
|  31|0x0000000081f00000, 0x0000000082000000, 0x0000000082000000|100%| O|  |TAMS 0x0000000082000000, 0x0000000081f00000| Untracked 
|  32|0x0000000082000000, 0x0000000082100000, 0x0000000082100000|100%| O|  |TAMS 0x0000000082100000, 0x0000000082000000| Untracked 
|  33|0x0000000082100000, 0x0000000082200000, 0x0000000082200000|100%| O|  |TAMS 0x0000000082200000, 0x0000000082100000| Complete 
|  34|0x0000000082200000, 0x0000000082300000, 0x0000000082300000|100%| O|  |TAMS 0x0000000082300000, 0x0000000082200000| Complete 
|  35|0x0000000082300000, 0x0000000082400000, 0x0000000082400000|100%| O|  |TAMS 0x0000000082400000, 0x0000000082300000| Untracked 
|  36|0x0000000082400000, 0x0000000082500000, 0x0000000082500000|100%| O|  |TAMS 0x0000000082500000, 0x0000000082400000| Untracked 
|  37|0x0000000082500000, 0x0000000082600000, 0x0000000082600000|100%| O|  |TAMS 0x0000000082600000, 0x0000000082500000| Untracked 
|  38|0x0000000082600000, 0x0000000082700000, 0x0000000082700000|100%| O|  |TAMS 0x0000000082700000, 0x0000000082600000| Untracked 
|  39|0x0000000082700000, 0x0000000082800000, 0x0000000082800000|100%| O|  |TAMS 0x0000000082800000, 0x0000000082700000| Untracked 
|  40|0x0000000082800000, 0x0000000082900000, 0x0000000082900000|100%| O|  |TAMS 0x0000000082900000, 0x0000000082800000| Untracked 
|  41|0x0000000082900000, 0x0000000082a00000, 0x0000000082a00000|100%| O|  |TAMS 0x0000000082a00000, 0x0000000082900000| Complete 
|  42|0x0000000082a00000, 0x0000000082b00000, 0x0000000082b00000|100%| O|  |TAMS 0x0000000082b00000, 0x0000000082a00000| Untracked 
|  43|0x0000000082b00000, 0x0000000082c00000, 0x0000000082c00000|100%| O|  |TAMS 0x0000000082c00000, 0x0000000082b00000| Untracked 
|  44|0x0000000082c00000, 0x0000000082d00000, 0x0000000082d00000|100%| O|  |TAMS 0x0000000082d00000, 0x0000000082c00000| Untracked 
|  45|0x0000000082d00000, 0x0000000082e00000, 0x0000000082e00000|100%| O|  |TAMS 0x0000000082e00000, 0x0000000082d00000| Untracked 
|  46|0x0000000082e00000, 0x0000000082f00000, 0x0000000082f00000|100%| O|  |TAMS 0x0000000082f00000, 0x0000000082e00000| Untracked 
|  47|0x0000000082f00000, 0x0000000083000000, 0x0000000083000000|100%| O|  |TAMS 0x0000000083000000, 0x0000000082f00000| Complete 
|  48|0x0000000083000000, 0x0000000083100000, 0x0000000083100000|100%| O|  |TAMS 0x0000000083100000, 0x0000000083000000| Complete 
|  49|0x0000000083100000, 0x0000000083200000, 0x0000000083200000|100%| O|  |TAMS 0x0000000083200000, 0x0000000083100000| Complete 
|  50|0x0000000083200000, 0x0000000083300000, 0x0000000083300000|100%| O|  |TAMS 0x0000000083300000, 0x0000000083200000| Complete 
|  51|0x0000000083300000, 0x0000000083400000, 0x0000000083400000|100%| O|  |TAMS 0x0000000083400000, 0x0000000083300000| Untracked 
|  52|0x0000000083400000, 0x0000000083500000, 0x0000000083500000|100%| O|  |TAMS 0x0000000083500000, 0x0000000083400000| Untracked 
|  53|0x0000000083500000, 0x0000000083600000, 0x0000000083600000|100%| O|  |TAMS 0x0000000083600000, 0x0000000083500000| Complete 
|  54|0x0000000083600000, 0x0000000083700000, 0x0000000083700000|100%| O|  |TAMS 0x0000000083700000, 0x0000000083600000| Complete 
|  55|0x0000000083700000, 0x0000000083800000, 0x0000000083800000|100%| O|  |TAMS 0x0000000083800000, 0x0000000083700000| Complete 
|  56|0x0000000083800000, 0x0000000083900000, 0x0000000083900000|100%| O|  |TAMS 0x0000000083900000, 0x0000000083800000| Complete 
|  57|0x0000000083900000, 0x0000000083a00000, 0x0000000083a00000|100%| O|  |TAMS 0x0000000083a00000, 0x0000000083900000| Untracked 
|  58|0x0000000083a00000, 0x0000000083b00000, 0x0000000083b00000|100%| O|  |TAMS 0x0000000083b00000, 0x0000000083a00000| Complete 
|  59|0x0000000083b00000, 0x0000000083c00000, 0x0000000083c00000|100%| O|  |TAMS 0x0000000083c00000, 0x0000000083b00000| Complete 
|  60|0x0000000083c00000, 0x0000000083d00000, 0x0000000083d00000|100%| O|  |TAMS 0x0000000083d00000, 0x0000000083c00000| Untracked 
|  61|0x0000000083d00000, 0x0000000083e00000, 0x0000000083e00000|100%| O|  |TAMS 0x0000000083e00000, 0x0000000083d00000| Complete 
|  62|0x0000000083e00000, 0x0000000083f00000, 0x0000000083f00000|100%| O|  |TAMS 0x0000000083f00000, 0x0000000083e00000| Untracked 
|  63|0x0000000083f00000, 0x0000000084000000, 0x0000000084000000|100%| O|  |TAMS 0x0000000084000000, 0x0000000083f00000| Untracked 
|  64|0x0000000084000000, 0x0000000084100000, 0x0000000084100000|100%| O|  |TAMS 0x0000000084100000, 0x0000000084000000| Untracked 
|  65|0x0000000084100000, 0x0000000084200000, 0x0000000084200000|100%| O|  |TAMS 0x0000000084200000, 0x0000000084100000| Complete 
|  66|0x0000000084200000, 0x0000000084300000, 0x0000000084300000|100%| O|  |TAMS 0x0000000084300000, 0x0000000084200000| Untracked 
|  67|0x0000000084300000, 0x0000000084400000, 0x0000000084400000|100%| O|  |TAMS 0x0000000084400000, 0x0000000084300000| Untracked 
|  68|0x0000000084400000, 0x0000000084500000, 0x0000000084500000|100%| O|  |TAMS 0x0000000084500000, 0x0000000084400000| Complete 
|  69|0x0000000084500000, 0x0000000084600000, 0x0000000084600000|100%| O|  |TAMS 0x0000000084600000, 0x0000000084500000| Untracked 
|  70|0x0000000084600000, 0x0000000084700000, 0x0000000084700000|100%| O|  |TAMS 0x0000000084700000, 0x0000000084600000| Untracked 
|  71|0x0000000084700000, 0x0000000084800000, 0x0000000084800000|100%| O|  |TAMS 0x0000000084800000, 0x0000000084700000| Untracked 
|  72|0x0000000084800000, 0x0000000084900000, 0x0000000084900000|100%| O|  |TAMS 0x0000000084900000, 0x0000000084800000| Untracked 
|  73|0x0000000084900000, 0x0000000084a00000, 0x0000000084a00000|100%| O|  |TAMS 0x0000000084a00000, 0x0000000084900000| Complete 
|  74|0x0000000084a00000, 0x0000000084b00000, 0x0000000084b00000|100%| O|  |TAMS 0x0000000084b00000, 0x0000000084a00000| Complete 
|  75|0x0000000084b00000, 0x0000000084c00000, 0x0000000084c00000|100%| O|  |TAMS 0x0000000084c00000, 0x0000000084b00000| Untracked 
|  76|0x0000000084c00000, 0x0000000084d00000, 0x0000000084d00000|100%| O|  |TAMS 0x0000000084d00000, 0x0000000084c00000| Untracked 
|  77|0x0000000084d00000, 0x0000000084e00000, 0x0000000084e00000|100%| O|  |TAMS 0x0000000084e00000, 0x0000000084d00000| Untracked 
|  78|0x0000000084e00000, 0x0000000084f00000, 0x0000000084f00000|100%| O|  |TAMS 0x0000000084f00000, 0x0000000084e00000| Complete 
|  79|0x0000000084f00000, 0x0000000085000000, 0x0000000085000000|100%| O|  |TAMS 0x0000000085000000, 0x0000000084f00000| Untracked 
|  80|0x0000000085000000, 0x0000000085100000, 0x0000000085100000|100%| O|  |TAMS 0x0000000085100000, 0x0000000085000000| Complete 
|  81|0x0000000085100000, 0x0000000085200000, 0x0000000085200000|100%| O|  |TAMS 0x0000000085200000, 0x0000000085100000| Complete 
|  82|0x0000000085200000, 0x0000000085300000, 0x0000000085300000|100%| O|  |TAMS 0x0000000085300000, 0x0000000085200000| Complete 
|  83|0x0000000085300000, 0x0000000085400000, 0x0000000085400000|100%| O|  |TAMS 0x0000000085400000, 0x0000000085300000| Complete 
|  84|0x0000000085400000, 0x0000000085500000, 0x0000000085500000|100%| O|  |TAMS 0x0000000085500000, 0x0000000085400000| Complete 
|  85|0x0000000085500000, 0x0000000085600000, 0x0000000085600000|100%| O|  |TAMS 0x0000000085600000, 0x0000000085500000| Complete 
|  86|0x0000000085600000, 0x0000000085700000, 0x0000000085700000|100%|HS|  |TAMS 0x0000000085700000, 0x0000000085600000| Complete 
|  87|0x0000000085700000, 0x0000000085800000, 0x0000000085800000|100%|HC|  |TAMS 0x0000000085800000, 0x0000000085700000| Complete 
|  88|0x0000000085800000, 0x0000000085900000, 0x0000000085900000|100%| O|  |TAMS 0x0000000085900000, 0x0000000085800000| Complete 
|  89|0x0000000085900000, 0x0000000085a00000, 0x0000000085a00000|100%| O|  |TAMS 0x0000000085a00000, 0x0000000085900000| Complete 
|  90|0x0000000085a00000, 0x0000000085b00000, 0x0000000085b00000|100%| O|  |TAMS 0x0000000085b00000, 0x0000000085a00000| Complete 
|  91|0x0000000085b00000, 0x0000000085c00000, 0x0000000085c00000|100%| O|  |TAMS 0x0000000085c00000, 0x0000000085b00000| Complete 
|  92|0x0000000085c00000, 0x0000000085d00000, 0x0000000085d00000|100%| O|  |TAMS 0x0000000085d00000, 0x0000000085c00000| Complete 
|  93|0x0000000085d00000, 0x0000000085e00000, 0x0000000085e00000|100%| O|  |TAMS 0x0000000085e00000, 0x0000000085d00000| Untracked 
|  94|0x0000000085e00000, 0x0000000085f00000, 0x0000000085f00000|100%| O|  |TAMS 0x0000000085f00000, 0x0000000085e00000| Untracked 
|  95|0x0000000085f00000, 0x0000000086000000, 0x0000000086000000|100%| O|  |TAMS 0x0000000086000000, 0x0000000085f00000| Untracked 
|  96|0x0000000086000000, 0x0000000086100000, 0x0000000086100000|100%| O|  |TAMS 0x0000000086100000, 0x0000000086000000| Complete 
|  97|0x0000000086100000, 0x0000000086200000, 0x0000000086200000|100%| O|  |TAMS 0x0000000086200000, 0x0000000086100000| Untracked 
|  98|0x0000000086200000, 0x0000000086300000, 0x0000000086300000|100%| O|  |TAMS 0x0000000086300000, 0x0000000086200000| Complete 
|  99|0x0000000086300000, 0x0000000086400000, 0x0000000086400000|100%| O|  |TAMS 0x0000000086400000, 0x0000000086300000| Complete 
| 100|0x0000000086400000, 0x0000000086500000, 0x0000000086500000|100%| O|  |TAMS 0x0000000086500000, 0x0000000086400000| Complete 
| 101|0x0000000086500000, 0x0000000086600000, 0x0000000086600000|100%| O|  |TAMS 0x0000000086600000, 0x0000000086500000| Untracked 
| 102|0x0000000086600000, 0x0000000086700000, 0x0000000086700000|100%| O|  |TAMS 0x0000000086700000, 0x0000000086600000| Untracked 
| 103|0x0000000086700000, 0x0000000086800000, 0x0000000086800000|100%| O|  |TAMS 0x0000000086800000, 0x0000000086700000| Complete 
| 104|0x0000000086800000, 0x0000000086900000, 0x0000000086900000|100%| O|  |TAMS 0x0000000086900000, 0x0000000086800000| Untracked 
| 105|0x0000000086900000, 0x0000000086a00000, 0x0000000086a00000|100%| O|  |TAMS 0x0000000086a00000, 0x0000000086900000| Complete 
| 106|0x0000000086a00000, 0x0000000086b00000, 0x0000000086b00000|100%| O|  |TAMS 0x0000000086b00000, 0x0000000086a00000| Complete 
| 107|0x0000000086b00000, 0x0000000086c00000, 0x0000000086c00000|100%| O|  |TAMS 0x0000000086c00000, 0x0000000086b00000| Complete 
| 108|0x0000000086c00000, 0x0000000086d00000, 0x0000000086d00000|100%| O|  |TAMS 0x0000000086d00000, 0x0000000086c00000| Complete 
| 109|0x0000000086d00000, 0x0000000086e00000, 0x0000000086e00000|100%| O|  |TAMS 0x0000000086e00000, 0x0000000086d00000| Untracked 
| 110|0x0000000086e00000, 0x0000000086f00000, 0x0000000086f00000|100%| O|  |TAMS 0x0000000086f00000, 0x0000000086e00000| Untracked 
| 111|0x0000000086f00000, 0x0000000087000000, 0x0000000087000000|100%| O|  |TAMS 0x0000000087000000, 0x0000000086f00000| Complete 
| 112|0x0000000087000000, 0x000000008701e200, 0x0000000087100000| 11%| O|  |TAMS 0x000000008701e200, 0x0000000087000000| Untracked 
| 113|0x0000000087100000, 0x0000000087200000, 0x0000000087200000|100%|HS|  |TAMS 0x0000000087100000, 0x0000000087100000| Complete 
| 114|0x0000000087200000, 0x0000000087300000, 0x0000000087300000|100%|HC|  |TAMS 0x0000000087200000, 0x0000000087200000| Complete 
| 115|0x0000000087300000, 0x0000000087400000, 0x0000000087400000|100%| O|  |TAMS 0x0000000087400000, 0x0000000087300000| Untracked 
| 116|0x0000000087400000, 0x0000000087500000, 0x0000000087500000|100%| O|  |TAMS 0x0000000087500000, 0x0000000087400000| Untracked 
| 117|0x0000000087500000, 0x0000000087600000, 0x0000000087600000|100%|HS|  |TAMS 0x0000000087500000, 0x0000000087500000| Complete 
| 118|0x0000000087600000, 0x0000000087700000, 0x0000000087700000|100%|HC|  |TAMS 0x0000000087600000, 0x0000000087600000| Complete 
| 119|0x0000000087700000, 0x0000000087800000, 0x0000000087800000|100%|HS|  |TAMS 0x0000000087700000, 0x0000000087700000| Complete 
| 120|0x0000000087800000, 0x0000000087900000, 0x0000000087900000|100%|HC|  |TAMS 0x0000000087800000, 0x0000000087800000| Complete 
| 121|0x0000000087900000, 0x0000000087a00000, 0x0000000087a00000|100%|HS|  |TAMS 0x0000000087900000, 0x0000000087900000| Complete 
| 122|0x0000000087a00000, 0x0000000087b00000, 0x0000000087b00000|100%|HC|  |TAMS 0x0000000087a00000, 0x0000000087a00000| Complete 
| 123|0x0000000087b00000, 0x0000000087b00000, 0x0000000087c00000|  0%| F|  |TAMS 0x0000000087b00000, 0x0000000087b00000| Untracked 
| 124|0x0000000087c00000, 0x0000000087d00000, 0x0000000087d00000|100%| O|  |TAMS 0x0000000087d00000, 0x0000000087c00000| Complete 
| 125|0x0000000087d00000, 0x0000000087d00000, 0x0000000087e00000|  0%| F|  |TAMS 0x0000000087d00000, 0x0000000087d00000| Untracked 
| 126|0x0000000087e00000, 0x0000000087f00000, 0x0000000087f00000|100%| O|  |TAMS 0x0000000087f00000, 0x0000000087e00000| Complete 
| 127|0x0000000087f00000, 0x0000000088000000, 0x0000000088000000|100%|HS|  |TAMS 0x0000000088000000, 0x0000000087f00000| Complete 
| 128|0x0000000088000000, 0x0000000088100000, 0x0000000088100000|100%|HC|  |TAMS 0x0000000088100000, 0x0000000088000000| Complete 
| 129|0x0000000088100000, 0x0000000088200000, 0x0000000088200000|100%| O|  |TAMS 0x0000000088200000, 0x0000000088100000| Complete 
| 130|0x0000000088200000, 0x0000000088300000, 0x0000000088300000|100%| O|  |TAMS 0x0000000088300000, 0x0000000088200000| Complete 
| 131|0x0000000088300000, 0x0000000088400000, 0x0000000088400000|100%| O|  |TAMS 0x0000000088400000, 0x0000000088300000| Complete 
| 132|0x0000000088400000, 0x0000000088500000, 0x0000000088500000|100%| O|  |TAMS 0x0000000088500000, 0x0000000088400000| Complete 
| 133|0x0000000088500000, 0x0000000088600000, 0x0000000088600000|100%| O|  |TAMS 0x0000000088600000, 0x0000000088500000| Complete 
| 134|0x0000000088600000, 0x0000000088700000, 0x0000000088700000|100%| O|  |TAMS 0x0000000088700000, 0x0000000088600000| Complete 
| 135|0x0000000088700000, 0x0000000088800000, 0x0000000088800000|100%|HS|  |TAMS 0x0000000088700000, 0x0000000088700000| Complete 
| 136|0x0000000088800000, 0x0000000088900000, 0x0000000088900000|100%|HC|  |TAMS 0x0000000088800000, 0x0000000088800000| Complete 
| 137|0x0000000088900000, 0x0000000088a00000, 0x0000000088a00000|100%| O|  |TAMS 0x0000000088a00000, 0x0000000088900000| Complete 
| 138|0x0000000088a00000, 0x0000000088b00000, 0x0000000088b00000|100%| O|  |TAMS 0x0000000088b00000, 0x0000000088a00000| Complete 
| 139|0x0000000088b00000, 0x0000000088c00000, 0x0000000088c00000|100%| O|  |TAMS 0x0000000088c00000, 0x0000000088b00000| Complete 
| 140|0x0000000088c00000, 0x0000000088d00000, 0x0000000088d00000|100%| O|  |TAMS 0x0000000088d00000, 0x0000000088c00000| Complete 
| 141|0x0000000088d00000, 0x0000000088e00000, 0x0000000088e00000|100%| O|  |TAMS 0x0000000088e00000, 0x0000000088d00000| Complete 
| 142|0x0000000088e00000, 0x0000000088f00000, 0x0000000088f00000|100%| O|  |TAMS 0x0000000088f00000, 0x0000000088e00000| Complete 
| 143|0x0000000088f00000, 0x0000000089000000, 0x0000000089000000|100%| O|  |TAMS 0x0000000089000000, 0x0000000088f00000| Complete 
| 144|0x0000000089000000, 0x0000000089100000, 0x0000000089100000|100%| O|  |TAMS 0x0000000089100000, 0x0000000089000000| Complete 
| 145|0x0000000089100000, 0x0000000089200000, 0x0000000089200000|100%| O|  |TAMS 0x0000000089200000, 0x0000000089100000| Complete 
| 146|0x0000000089200000, 0x0000000089300000, 0x0000000089300000|100%| O|  |TAMS 0x0000000089300000, 0x0000000089200000| Complete 
| 147|0x0000000089300000, 0x0000000089400000, 0x0000000089400000|100%|HS|  |TAMS 0x0000000089300000, 0x0000000089300000| Complete 
| 148|0x0000000089400000, 0x0000000089500000, 0x0000000089500000|100%|HC|  |TAMS 0x0000000089400000, 0x0000000089400000| Complete 
| 149|0x0000000089500000, 0x0000000089600000, 0x0000000089600000|100%|HS|  |TAMS 0x0000000089500000, 0x0000000089500000| Complete 
| 150|0x0000000089600000, 0x0000000089700000, 0x0000000089700000|100%|HC|  |TAMS 0x0000000089600000, 0x0000000089600000| Complete 
| 151|0x0000000089700000, 0x0000000089800000, 0x0000000089800000|100%|HS|  |TAMS 0x0000000089700000, 0x0000000089700000| Complete 
| 152|0x0000000089800000, 0x0000000089900000, 0x0000000089900000|100%|HC|  |TAMS 0x0000000089800000, 0x0000000089800000| Complete 
| 153|0x0000000089900000, 0x0000000089900000, 0x0000000089a00000|  0%| F|  |TAMS 0x0000000089900000, 0x0000000089900000| Untracked 
| 154|0x0000000089a00000, 0x0000000089a00000, 0x0000000089b00000|  0%| F|  |TAMS 0x0000000089a00000, 0x0000000089a00000| Untracked 
| 155|0x0000000089b00000, 0x0000000089b00000, 0x0000000089c00000|  0%| F|  |TAMS 0x0000000089b00000, 0x0000000089b00000| Untracked 
| 156|0x0000000089c00000, 0x0000000089c00000, 0x0000000089d00000|  0%| F|  |TAMS 0x0000000089c00000, 0x0000000089c00000| Untracked 
| 157|0x0000000089d00000, 0x0000000089d00000, 0x0000000089e00000|  0%| F|  |TAMS 0x0000000089d00000, 0x0000000089d00000| Untracked 
| 158|0x0000000089e00000, 0x0000000089e00000, 0x0000000089f00000|  0%| F|  |TAMS 0x0000000089e00000, 0x0000000089e00000| Untracked 
| 159|0x0000000089f00000, 0x0000000089f00000, 0x000000008a000000|  0%| F|  |TAMS 0x0000000089f00000, 0x0000000089f00000| Untracked 
| 160|0x000000008a000000, 0x000000008a000000, 0x000000008a100000|  0%| F|  |TAMS 0x000000008a000000, 0x000000008a000000| Untracked 
| 161|0x000000008a100000, 0x000000008a100000, 0x000000008a200000|  0%| F|  |TAMS 0x000000008a100000, 0x000000008a100000| Untracked 
| 162|0x000000008a200000, 0x000000008a200000, 0x000000008a300000|  0%| F|  |TAMS 0x000000008a200000, 0x000000008a200000| Untracked 
| 163|0x000000008a300000, 0x000000008a300000, 0x000000008a400000|  0%| F|  |TAMS 0x000000008a300000, 0x000000008a300000| Untracked 
| 164|0x000000008a400000, 0x000000008a400000, 0x000000008a500000|  0%| F|  |TAMS 0x000000008a400000, 0x000000008a400000| Untracked 
| 165|0x000000008a500000, 0x000000008a500000, 0x000000008a600000|  0%| F|  |TAMS 0x000000008a500000, 0x000000008a500000| Untracked 
| 166|0x000000008a600000, 0x000000008a600000, 0x000000008a700000|  0%| F|  |TAMS 0x000000008a600000, 0x000000008a600000| Untracked 
| 167|0x000000008a700000, 0x000000008a700000, 0x000000008a800000|  0%| F|  |TAMS 0x000000008a700000, 0x000000008a700000| Untracked 
| 168|0x000000008a800000, 0x000000008a800000, 0x000000008a900000|  0%| F|  |TAMS 0x000000008a800000, 0x000000008a800000| Untracked 
| 169|0x000000008a900000, 0x000000008a900000, 0x000000008aa00000|  0%| F|  |TAMS 0x000000008a900000, 0x000000008a900000| Untracked 
| 170|0x000000008aa00000, 0x000000008aa00000, 0x000000008ab00000|  0%| F|  |TAMS 0x000000008aa00000, 0x000000008aa00000| Untracked 
| 171|0x000000008ab00000, 0x000000008ab00000, 0x000000008ac00000|  0%| F|  |TAMS 0x000000008ab00000, 0x000000008ab00000| Untracked 
| 172|0x000000008ac00000, 0x000000008ac00000, 0x000000008ad00000|  0%| F|  |TAMS 0x000000008ac00000, 0x000000008ac00000| Untracked 
| 173|0x000000008ad00000, 0x000000008ad00000, 0x000000008ae00000|  0%| F|  |TAMS 0x000000008ad00000, 0x000000008ad00000| Untracked 
| 174|0x000000008ae00000, 0x000000008ae00000, 0x000000008af00000|  0%| F|  |TAMS 0x000000008ae00000, 0x000000008ae00000| Untracked 
| 175|0x000000008af00000, 0x000000008af00000, 0x000000008b000000|  0%| F|  |TAMS 0x000000008af00000, 0x000000008af00000| Untracked 
| 176|0x000000008b000000, 0x000000008b000000, 0x000000008b100000|  0%| F|  |TAMS 0x000000008b000000, 0x000000008b000000| Untracked 
| 177|0x000000008b100000, 0x000000008b100000, 0x000000008b200000|  0%| F|  |TAMS 0x000000008b100000, 0x000000008b100000| Untracked 
| 178|0x000000008b200000, 0x000000008b200000, 0x000000008b300000|  0%| F|  |TAMS 0x000000008b200000, 0x000000008b200000| Untracked 
| 179|0x000000008b300000, 0x000000008b300000, 0x000000008b400000|  0%| F|  |TAMS 0x000000008b300000, 0x000000008b300000| Untracked 
| 180|0x000000008b400000, 0x000000008b400000, 0x000000008b500000|  0%| F|  |TAMS 0x000000008b400000, 0x000000008b400000| Untracked 
| 181|0x000000008b500000, 0x000000008b500000, 0x000000008b600000|  0%| F|  |TAMS 0x000000008b500000, 0x000000008b500000| Untracked 
| 182|0x000000008b600000, 0x000000008b600000, 0x000000008b700000|  0%| F|  |TAMS 0x000000008b600000, 0x000000008b600000| Untracked 
| 183|0x000000008b700000, 0x000000008b700000, 0x000000008b800000|  0%| F|  |TAMS 0x000000008b700000, 0x000000008b700000| Untracked 
| 184|0x000000008b800000, 0x000000008b800000, 0x000000008b900000|  0%| F|  |TAMS 0x000000008b800000, 0x000000008b800000| Untracked 
| 185|0x000000008b900000, 0x000000008b900000, 0x000000008ba00000|  0%| F|  |TAMS 0x000000008b900000, 0x000000008b900000| Untracked 
| 186|0x000000008ba00000, 0x000000008ba00000, 0x000000008bb00000|  0%| F|  |TAMS 0x000000008ba00000, 0x000000008ba00000| Untracked 
| 187|0x000000008bb00000, 0x000000008bb2e408, 0x000000008bc00000| 18%| E|  |TAMS 0x000000008bb00000, 0x000000008bb00000| Complete 
| 188|0x000000008bc00000, 0x000000008bd00000, 0x000000008bd00000|100%| E|  |TAMS 0x000000008bc00000, 0x000000008bc00000| Complete 
| 189|0x000000008bd00000, 0x000000008be00000, 0x000000008be00000|100%| E|CS|TAMS 0x000000008bd00000, 0x000000008bd00000| Complete 
| 190|0x000000008be00000, 0x000000008bf00000, 0x000000008bf00000|100%| E|CS|TAMS 0x000000008be00000, 0x000000008be00000| Complete 
| 191|0x000000008bf00000, 0x000000008c000000, 0x000000008c000000|100%| E|CS|TAMS 0x000000008bf00000, 0x000000008bf00000| Complete 
| 192|0x000000008c000000, 0x000000008c100000, 0x000000008c100000|100%| E|CS|TAMS 0x000000008c000000, 0x000000008c000000| Complete 
| 193|0x000000008c100000, 0x000000008c200000, 0x000000008c200000|100%| E|CS|TAMS 0x000000008c100000, 0x000000008c100000| Complete 
| 194|0x000000008c200000, 0x000000008c300000, 0x000000008c300000|100%| E|CS|TAMS 0x000000008c200000, 0x000000008c200000| Complete 
| 195|0x000000008c300000, 0x000000008c400000, 0x000000008c400000|100%| E|CS|TAMS 0x000000008c300000, 0x000000008c300000| Complete 
| 196|0x000000008c400000, 0x000000008c500000, 0x000000008c500000|100%| E|CS|TAMS 0x000000008c400000, 0x000000008c400000| Complete 
| 197|0x000000008c500000, 0x000000008c600000, 0x000000008c600000|100%| E|CS|TAMS 0x000000008c500000, 0x000000008c500000| Complete 
| 198|0x000000008c600000, 0x000000008c700000, 0x000000008c700000|100%| E|CS|TAMS 0x000000008c600000, 0x000000008c600000| Complete 
| 199|0x000000008c700000, 0x000000008c800000, 0x000000008c800000|100%| E|CS|TAMS 0x000000008c700000, 0x000000008c700000| Complete 
| 200|0x000000008c800000, 0x000000008c900000, 0x000000008c900000|100%| E|CS|TAMS 0x000000008c800000, 0x000000008c800000| Complete 
| 201|0x000000008c900000, 0x000000008c9ebbf0, 0x000000008ca00000| 92%| S|CS|TAMS 0x000000008c900000, 0x000000008c900000| Complete 
| 202|0x000000008ca00000, 0x000000008cb00000, 0x000000008cb00000|100%| S|CS|TAMS 0x000000008ca00000, 0x000000008ca00000| Complete 
| 203|0x000000008cb00000, 0x000000008cc00000, 0x000000008cc00000|100%| S|CS|TAMS 0x000000008cb00000, 0x000000008cb00000| Complete 
| 204|0x000000008cc00000, 0x000000008cd00000, 0x000000008cd00000|100%| E|CS|TAMS 0x000000008cc00000, 0x000000008cc00000| Complete 
| 205|0x000000008cd00000, 0x000000008ce00000, 0x000000008ce00000|100%| E|CS|TAMS 0x000000008cd00000, 0x000000008cd00000| Complete 
| 206|0x000000008ce00000, 0x000000008cf00000, 0x000000008cf00000|100%| E|CS|TAMS 0x000000008ce00000, 0x000000008ce00000| Complete 
| 207|0x000000008cf00000, 0x000000008d000000, 0x000000008d000000|100%| E|CS|TAMS 0x000000008cf00000, 0x000000008cf00000| Complete 
| 208|0x000000008d000000, 0x000000008d100000, 0x000000008d100000|100%| E|CS|TAMS 0x000000008d000000, 0x000000008d000000| Complete 
| 209|0x000000008d100000, 0x000000008d200000, 0x000000008d200000|100%| E|CS|TAMS 0x000000008d100000, 0x000000008d100000| Complete 
| 210|0x000000008d200000, 0x000000008d300000, 0x000000008d300000|100%| E|CS|TAMS 0x000000008d200000, 0x000000008d200000| Complete 
| 211|0x000000008d300000, 0x000000008d400000, 0x000000008d400000|100%| E|CS|TAMS 0x000000008d300000, 0x000000008d300000| Complete 
| 212|0x000000008d400000, 0x000000008d500000, 0x000000008d500000|100%| E|CS|TAMS 0x000000008d400000, 0x000000008d400000| Complete 
| 213|0x000000008d500000, 0x000000008d600000, 0x000000008d600000|100%| E|CS|TAMS 0x000000008d500000, 0x000000008d500000| Complete 
| 214|0x000000008d600000, 0x000000008d700000, 0x000000008d700000|100%| E|CS|TAMS 0x000000008d600000, 0x000000008d600000| Complete 
| 215|0x000000008d700000, 0x000000008d800000, 0x000000008d800000|100%| E|CS|TAMS 0x000000008d700000, 0x000000008d700000| Complete 
| 216|0x000000008d800000, 0x000000008d900000, 0x000000008d900000|100%| E|CS|TAMS 0x000000008d800000, 0x000000008d800000| Complete 
| 217|0x000000008d900000, 0x000000008da00000, 0x000000008da00000|100%| E|CS|TAMS 0x000000008d900000, 0x000000008d900000| Complete 
| 218|0x000000008da00000, 0x000000008db00000, 0x000000008db00000|100%| E|CS|TAMS 0x000000008da00000, 0x000000008da00000| Complete 
| 219|0x000000008db00000, 0x000000008dc00000, 0x000000008dc00000|100%| E|CS|TAMS 0x000000008db00000, 0x000000008db00000| Complete 
| 220|0x000000008dc00000, 0x000000008dd00000, 0x000000008dd00000|100%| E|CS|TAMS 0x000000008dc00000, 0x000000008dc00000| Complete 

Card table byte_map: [0x000001c2af780000,0x000001c2afb80000] _byte_map_base: 0x000001c2af380000

Marking Bits (Prev, Next): (CMBitMap*) 0x000001c29c345820, (CMBitMap*) 0x000001c29c3457e8
 Prev Bits: [0x000001c2b1f80000, 0x000001c2b3f80000)
 Next Bits: [0x000001c2aff80000, 0x000001c2b1f80000)

Polling page: 0x000001c29bae0000

Metaspace:

Usage:
  Non-class:    107.78 MB capacity,   105.51 MB ( 98%) used,     1.82 MB (  2%) free+waste,   459.50 KB ( <1%) overhead. 
      Class:     16.64 MB capacity,    15.21 MB ( 91%) used,     1.22 MB (  7%) free+waste,   206.19 KB (  1%) overhead. 
       Both:    124.42 MB capacity,   120.72 MB ( 97%) used,     3.05 MB (  2%) free+waste,   665.69 KB ( <1%) overhead. 

Virtual space:
  Non-class space:      110.00 MB reserved,     108.07 MB ( 98%) committed 
      Class space:        1.00 GB reserved,      16.85 MB (  2%) committed 
             Both:        1.11 GB reserved,     124.91 MB ( 11%) committed 

Chunk freelists:
   Non-Class:  291.00 KB
       Class:  179.00 KB
        Both:  470.00 KB

MaxMetaspaceSize: 17179869184.00 GB
CompressedClassSpaceSize: 1.00 GB
Initial GC threshold: 20.80 MB
Current GC threshold: 208.19 MB
CDS: off

CodeHeap 'non-profiled nmethods': size=120000Kb used=12814Kb max_used=13278Kb free=107185Kb
 bounds [0x000001c2a7900000, 0x000001c2a8600000, 0x000001c2aee30000]
CodeHeap 'profiled nmethods': size=120000Kb used=41494Kb max_used=43564Kb free=78505Kb
 bounds [0x000001c2a03d0000, 0x000001c2a2e60000, 0x000001c2a7900000]
CodeHeap 'non-nmethods': size=5760Kb used=2446Kb max_used=2512Kb free=3313Kb
 bounds [0x000001c29fe30000, 0x000001c2a00b0000, 0x000001c2a03d0000]
 total_blobs=20152 nmethods=19172 adapters=891
 compilation: enabled
              stopped_count=0, restarted_count=0
 full_count=0

Compilation events (20 events):
Event: 1701.711 Thread 0x000001c2b6bfd000 nmethod 20515 0x000001c2a0815b90 code [0x000001c2a08168c0, 0x000001c2a081ea58]
Event: 1701.832 Thread 0x000001c2b6bf8000 20516       4       java.lang.Class::getEnclosingClass (69 bytes)
Event: 1701.879 Thread 0x000001c2b6bf8000 nmethod 20516 0x000001c2a79c6d10 code [0x000001c2a79c6f00, 0x000001c2a79c7438]
Event: 1701.879 Thread 0x000001c2b6bf8000 20519   !   4       org.gradle.api.internal.provider.DefaultValueSourceProviderFactory$LazilyObtainedValue::obtain (145 bytes)
Event: 1701.912 Thread 0x000001c2b6bfd000 20520       1       org.gradle.api.services.internal.DefaultBuildServicesRegistry$DefaultServiceSpec::getParameters (5 bytes)
Event: 1701.918 Thread 0x000001c2b6bfd000 nmethod 20520 0x000001c2a79cbb10 code [0x000001c2a79cbcc0, 0x000001c2a79cbd78]
Event: 1701.919 Thread 0x000001c2b6bfd000 20522       1       org.gradle.api.services.internal.DefaultBuildServicesRegistry$DefaultServiceSpec_Decorated::getModelIdentityDisplayName (5 bytes)
Event: 1701.925 Thread 0x000001c2b6bfd000 nmethod 20522 0x000001c2a7b62f10 code [0x000001c2a7b630c0, 0x000001c2a7b63178]
Event: 1701.925 Thread 0x000001c2b6bfd000 20523       1       org.gradle.api.services.internal.DefaultBuildServicesRegistry$DefaultServiceRegistration_Decorated::getModelIdentityDisplayName (5 bytes)
Event: 1701.928 Thread 0x000001c2b6bfd000 nmethod 20523 0x000001c2a79e5610 code [0x000001c2a79e57c0, 0x000001c2a79e5878]
Event: 1701.928 Thread 0x000001c2b6bfd000 20521       1       com.android.build.gradle.internal.services.ServiceRegistrationAction::access$getMaxParallelUsages$p (5 bytes)
Event: 1701.943 Thread 0x000001c2b6bfd000 nmethod 20521 0x000001c2a7b5e210 code [0x000001c2a7b5e3c0, 0x000001c2a7b5e458]
Event: 1701.949 Thread 0x000001c2b6bfd000 20524       3       org.gradle.internal.event.DefaultListenerManager$EventBroadcast::checkListenersCanBeAdded (42 bytes)
Event: 1701.985 Thread 0x000001c2b6bfd000 nmethod 20524 0x000001c2a050d490 code [0x000001c2a050d740, 0x000001c2a050e448]
Event: 1701.986 Thread 0x000001c2b6bfd000 20526       3       com.google.common.collect.ImmutableMap::<init> (5 bytes)
Event: 1701.987 Thread 0x000001c2b6bfd000 nmethod 20526 0x000001c2a0740b10 code [0x000001c2a0740cc0, 0x000001c2a0740e18]
Event: 1702.067 Thread 0x000001c2b6bfd000 20527       3       com.google.common.collect.FluentIterable::getDelegate (12 bytes)
Event: 1702.072 Thread 0x000001c2b6bfd000 nmethod 20527 0x000001c2a0848d10 code [0x000001c2a0848ee0, 0x000001c2a08491a8]
Event: 1702.171 Thread 0x000001c2b6bfd000 20528       3       org.gradle.api.internal.attributes.DefaultCompatibilityRuleChain::add (38 bytes)
Event: 1702.205 Thread 0x000001c2b6bfd000 nmethod 20528 0x000001c2a058df90 code [0x000001c2a058e240, 0x000001c2a058ef48]

GC Heap History (20 events):
Event: 1418.764 GC heap before
{Heap before GC invocations=72 (full 0):
 garbage-first heap   total 226304K, used 166012K [0x0000000080000000, 0x0000000100000000)
  region size 1024K, 42 young (43008K), 5 survivors (5120K)
 Metaspace       used 122437K, capacity 126375K, committed 126632K, reserved 1159168K
  class space    used 15639K, capacity 17148K, committed 17252K, reserved 1048576K
}
Event: 1418.961 GC heap after
{Heap after GC invocations=73 (full 0):
 garbage-first heap   total 226304K, used 132570K [0x0000000080000000, 0x0000000100000000)
  region size 1024K, 4 young (4096K), 4 survivors (4096K)
 Metaspace       used 122437K, capacity 126375K, committed 126632K, reserved 1159168K
  class space    used 15639K, capacity 17148K, committed 17252K, reserved 1048576K
}
Event: 1421.469 GC heap before
{Heap before GC invocations=73 (full 0):
 garbage-first heap   total 226304K, used 168410K [0x0000000080000000, 0x0000000100000000)
  region size 1024K, 40 young (40960K), 4 survivors (4096K)
 Metaspace       used 122642K, capacity 126586K, committed 126888K, reserved 1159168K
  class space    used 15639K, capacity 17148K, committed 17252K, reserved 1048576K
}
Event: 1421.571 GC heap after
{Heap after GC invocations=74 (full 0):
 garbage-first heap   total 226304K, used 136687K [0x0000000080000000, 0x0000000100000000)
  region size 1024K, 5 young (5120K), 5 survivors (5120K)
 Metaspace       used 122642K, capacity 126586K, committed 126888K, reserved 1159168K
  class space    used 15639K, capacity 17148K, committed 17252K, reserved 1048576K
}
Event: 1424.528 GC heap before
{Heap before GC invocations=75 (full 0):
 garbage-first heap   total 226304K, used 177647K [0x0000000080000000, 0x0000000100000000)
  region size 1024K, 43 young (44032K), 5 survivors (5120K)
 Metaspace       used 122517K, capacity 126219K, committed 126888K, reserved 1159168K
  class space    used 15557K, capacity 17004K, committed 17252K, reserved 1048576K
}
Event: 1424.608 GC heap after
{Heap after GC invocations=76 (full 0):
 garbage-first heap   total 226304K, used 148452K [0x0000000080000000, 0x0000000100000000)
  region size 1024K, 6 young (6144K), 6 survivors (6144K)
 Metaspace       used 122517K, capacity 126219K, committed 126888K, reserved 1159168K
  class space    used 15557K, capacity 17004K, committed 17252K, reserved 1048576K
}
Event: 1424.705 GC heap before
{Heap before GC invocations=76 (full 0):
 garbage-first heap   total 226304K, used 153572K [0x0000000080000000, 0x0000000100000000)
  region size 1024K, 11 young (11264K), 6 survivors (6144K)
 Metaspace       used 122579K, capacity 126284K, committed 126888K, reserved 1159168K
  class space    used 15557K, capacity 17004K, committed 17252K, reserved 1048576K
}
Event: 1424.744 GC heap after
{Heap after GC invocations=77 (full 0):
 garbage-first heap   total 226304K, used 125056K [0x0000000080000000, 0x0000000100000000)
  region size 1024K, 1 young (1024K), 1 survivors (1024K)
 Metaspace       used 122579K, capacity 126284K, committed 126888K, reserved 1159168K
  class space    used 15557K, capacity 17004K, committed 17252K, reserved 1048576K
}
Event: 1425.288 GC heap before
{Heap before GC invocations=77 (full 0):
 garbage-first heap   total 226304K, used 135296K [0x0000000080000000, 0x0000000100000000)
  region size 1024K, 11 young (11264K), 1 survivors (1024K)
 Metaspace       used 122611K, capacity 126348K, committed 126888K, reserved 1159168K
  class space    used 15557K, capacity 17004K, committed 17252K, reserved 1048576K
}
Event: 1425.314 GC heap after
{Heap after GC invocations=78 (full 0):
 garbage-first heap   total 226304K, used 119861K [0x0000000080000000, 0x0000000100000000)
  region size 1024K, 2 young (2048K), 2 survivors (2048K)
 Metaspace       used 122611K, capacity 126348K, committed 126888K, reserved 1159168K
  class space    used 15557K, capacity 17004K, committed 17252K, reserved 1048576K
}
Event: 1451.138 GC heap before
{Heap before GC invocations=78 (full 0):
 garbage-first heap   total 226304K, used 180277K [0x0000000080000000, 0x0000000100000000)
  region size 1024K, 46 young (47104K), 2 survivors (2048K)
 Metaspace       used 123018K, capacity 126772K, committed 127400K, reserved 1159168K
  class space    used 15573K, capacity 17032K, committed 17252K, reserved 1048576K
}
Event: 1451.561 GC heap after
{Heap after GC invocations=79 (full 0):
 garbage-first heap   total 226304K, used 121837K [0x0000000080000000, 0x0000000100000000)
  region size 1024K, 4 young (4096K), 4 survivors (4096K)
 Metaspace       used 123018K, capacity 126772K, committed 127400K, reserved 1159168K
  class space    used 15573K, capacity 17032K, committed 17252K, reserved 1048576K
}
Event: 1466.275 GC heap before
{Heap before GC invocations=79 (full 0):
 garbage-first heap   total 226304K, used 161773K [0x0000000080000000, 0x0000000100000000)
  region size 1024K, 42 young (43008K), 4 survivors (4096K)
 Metaspace       used 123310K, capacity 127096K, committed 127656K, reserved 1159168K
  class space    used 15584K, capacity 17052K, committed 17252K, reserved 1048576K
}
Event: 1466.490 GC heap after
{Heap after GC invocations=80 (full 0):
 garbage-first heap   total 226304K, used 131270K [0x0000000080000000, 0x0000000100000000)
  region size 1024K, 6 young (6144K), 6 survivors (6144K)
 Metaspace       used 123310K, capacity 127096K, committed 127656K, reserved 1159168K
  class space    used 15584K, capacity 17052K, committed 17252K, reserved 1048576K
}
Event: 1467.652 GC heap before
{Heap before GC invocations=80 (full 0):
 garbage-first heap   total 226304K, used 156870K [0x0000000080000000, 0x0000000100000000)
  region size 1024K, 31 young (31744K), 6 survivors (6144K)
 Metaspace       used 123331K, capacity 127096K, committed 127656K, reserved 1159168K
  class space    used 15584K, capacity 17052K, committed 17252K, reserved 1048576K
}
Event: 1467.899 GC heap after
{Heap after GC invocations=81 (full 0):
 garbage-first heap   total 226304K, used 137589K [0x0000000080000000, 0x0000000100000000)
  region size 1024K, 4 young (4096K), 4 survivors (4096K)
 Metaspace       used 123331K, capacity 127096K, committed 127656K, reserved 1159168K
  class space    used 15584K, capacity 17052K, committed 17252K, reserved 1048576K
}
Event: 1470.692 GC heap before
{Heap before GC invocations=81 (full 0):
 garbage-first heap   total 226304K, used 159093K [0x0000000080000000, 0x0000000100000000)
  region size 1024K, 26 young (26624K), 4 survivors (4096K)
 Metaspace       used 123479K, capacity 127176K, committed 127656K, reserved 1159168K
  class space    used 15585K, capacity 17054K, committed 17252K, reserved 1048576K
}
Event: 1470.752 GC heap after
{Heap after GC invocations=82 (full 0):
 garbage-first heap   total 226304K, used 140021K [0x0000000080000000, 0x0000000100000000)
  region size 1024K, 3 young (3072K), 3 survivors (3072K)
 Metaspace       used 123479K, capacity 127176K, committed 127656K, reserved 1159168K
  class space    used 15585K, capacity 17054K, committed 17252K, reserved 1048576K
}
Event: 1472.176 GC heap before
{Heap before GC invocations=82 (full 0):
 garbage-first heap   total 226304K, used 155381K [0x0000000080000000, 0x0000000100000000)
  region size 1024K, 20 young (20480K), 3 survivors (3072K)
 Metaspace       used 123625K, capacity 127384K, committed 127912K, reserved 1161216K
  class space    used 15586K, capacity 17055K, committed 17252K, reserved 1048576K
}
Event: 1472.257 GC heap after
{Heap after GC invocations=83 (full 0):
 garbage-first heap   total 226304K, used 140327K [0x0000000080000000, 0x0000000100000000)
  region size 1024K, 3 young (3072K), 3 survivors (3072K)
 Metaspace       used 123625K, capacity 127384K, committed 127912K, reserved 1161216K
  class space    used 15586K, capacity 17055K, committed 17252K, reserved 1048576K
}

Deoptimization events (20 events):
Event: 1472.593 Thread 0x000001c2b99f9000 DEOPT PACKING pc=0x000001c2a27a293c sp=0x0000008347bfcfd0
Event: 1472.593 Thread 0x000001c2b99f9000 DEOPT UNPACKING pc=0x000001c29fe7a95e sp=0x0000008347bfc448 mode 0
Event: 1472.594 Thread 0x000001c2b99f9000 DEOPT PACKING pc=0x000001c2a27a293c sp=0x0000008347bfd020
Event: 1472.594 Thread 0x000001c2b99f9000 DEOPT UNPACKING pc=0x000001c29fe7a95e sp=0x0000008347bfc4a8 mode 0
Event: 1472.596 Thread 0x000001c2b99f9000 DEOPT PACKING pc=0x000001c2a27a293c sp=0x0000008347bfcfd0
Event: 1472.596 Thread 0x000001c2b99f9000 DEOPT UNPACKING pc=0x000001c29fe7a95e sp=0x0000008347bfc448 mode 0
Event: 1472.597 Thread 0x000001c2b99f9000 DEOPT PACKING pc=0x000001c2a27a293c sp=0x0000008347bfcfd0
Event: 1472.597 Thread 0x000001c2b99f9000 DEOPT UNPACKING pc=0x000001c29fe7a95e sp=0x0000008347bfc448 mode 0
Event: 1472.597 Thread 0x000001c2b99f9000 DEOPT PACKING pc=0x000001c2a27a293c sp=0x0000008347bfcf90
Event: 1472.597 Thread 0x000001c2b99f9000 DEOPT UNPACKING pc=0x000001c29fe7a95e sp=0x0000008347bfc418 mode 0
Event: 1474.657 Thread 0x000001c2be6d6000 Uncommon trap: trap_request=0xfffffff4 fr.pc=0x000001c2a7ea5128 relative=0x0000000000000568
Event: 1474.659 Thread 0x000001c2be6d6000 Uncommon trap: reason=null_check action=make_not_entrant pc=0x000001c2a7ea5128 method=java.lang.ThreadLocal$ThreadLocalMap.expungeStaleEntry(I)I @ 51 c2
Event: 1474.660 Thread 0x000001c2be6d6000 DEOPT PACKING pc=0x000001c2a7ea5128 sp=0x000000833adfb4c0
Event: 1474.661 Thread 0x000001c2be6d6000 DEOPT UNPACKING pc=0x000001c29fe7a1af sp=0x000000833adfb460 mode 2
Event: 1695.706 Thread 0x000001c2bbc7c800 DEOPT PACKING pc=0x000001c2a0994216 sp=0x000000833adfb520
Event: 1695.708 Thread 0x000001c2bbc7c800 DEOPT UNPACKING pc=0x000001c29fe7a95e sp=0x000000833adfaa38 mode 0
Event: 1699.243 Thread 0x000001c2be6d6800 Uncommon trap: trap_request=0xffffff4d fr.pc=0x000001c2a7b37bb0 relative=0x00000000000000f0
Event: 1699.243 Thread 0x000001c2be6d6800 Uncommon trap: reason=unstable_if action=reinterpret pc=0x000001c2a7b37bb0 method=java.util.concurrent.locks.AbstractQueuedSynchronizer.unparkSuccessor(Ljava/util/concurrent/locks/AbstractQueuedSynchronizer$Node;)V @ 22 c2
Event: 1699.244 Thread 0x000001c2be6d6800 DEOPT PACKING pc=0x000001c2a7b37bb0 sp=0x000000833d8ff0e0
Event: 1699.245 Thread 0x000001c2be6d6800 DEOPT UNPACKING pc=0x000001c29fe7a1af sp=0x000000833d8fefe8 mode 2

Classes redefined (0 events):
No events

Internal exceptions (20 events):
Event: 1468.037 Thread 0x000001c2c1f50000 Exception <a 'sun/nio/fs/WindowsException'{0x000000008dbb3338}> (0x000000008dbb3338) thrown at [src/hotspot/share/prims/jni.cpp, line 617]
Event: 1468.135 Thread 0x000001c2c1f50000 Exception <a 'sun/nio/fs/WindowsException'{0x000000008dad4c60}> (0x000000008dad4c60) thrown at [src/hotspot/share/prims/jni.cpp, line 617]
Event: 1468.135 Thread 0x000001c2c1f50000 Exception <a 'sun/nio/fs/WindowsException'{0x000000008dad4db0}> (0x000000008dad4db0) thrown at [src/hotspot/share/prims/jni.cpp, line 617]
Event: 1468.357 Thread 0x000001c2c1f50000 Exception <a 'sun/nio/fs/WindowsException'{0x000000008d7ec648}> (0x000000008d7ec648) thrown at [src/hotspot/share/prims/jni.cpp, line 617]
Event: 1468.445 Thread 0x000001c2c1f50000 Exception <a 'sun/nio/fs/WindowsException'{0x000000008d221fa8}> (0x000000008d221fa8) thrown at [src/hotspot/share/prims/jni.cpp, line 617]
Event: 1468.456 Thread 0x000001c2c1f50000 Exception <a 'sun/nio/fs/WindowsException'{0x000000008d229fc0}> (0x000000008d229fc0) thrown at [src/hotspot/share/prims/jni.cpp, line 617]
Event: 1468.463 Thread 0x000001c2c1f50000 Exception <a 'sun/nio/fs/WindowsException'{0x000000008d231700}> (0x000000008d231700) thrown at [src/hotspot/share/prims/jni.cpp, line 617]
Event: 1468.471 Thread 0x000001c2c1f50000 Exception <a 'sun/nio/fs/WindowsException'{0x000000008d23a688}> (0x000000008d23a688) thrown at [src/hotspot/share/prims/jni.cpp, line 617]
Event: 1468.486 Thread 0x000001c2c1f50000 Exception <a 'sun/nio/fs/WindowsException'{0x000000008d24d4f8}> (0x000000008d24d4f8) thrown at [src/hotspot/share/prims/jni.cpp, line 617]
Event: 1468.494 Thread 0x000001c2c1f50000 Exception <a 'sun/nio/fs/WindowsException'{0x000000008d25b2b0}> (0x000000008d25b2b0) thrown at [src/hotspot/share/prims/jni.cpp, line 617]
Event: 1470.787 Thread 0x000001c2b99f9000 Exception <a 'sun/nio/fs/WindowsException'{0x000000008da040e0}> (0x000000008da040e0) thrown at [src/hotspot/share/prims/jni.cpp, line 617]
Event: 1471.289 Thread 0x000001c2b99f9000 Exception <a 'sun/nio/fs/WindowsException'{0x000000008d8e2f90}> (0x000000008d8e2f90) thrown at [src/hotspot/share/prims/jni.cpp, line 617]
Event: 1471.759 Thread 0x000001c2b99f4000 Exception <a 'sun/nio/fs/WindowsException'{0x000000008d6a8dc0}> (0x000000008d6a8dc0) thrown at [src/hotspot/share/prims/jni.cpp, line 617]
Event: 1471.825 Thread 0x000001c2b99f4000 Exception <a 'sun/nio/fs/WindowsException'{0x000000008d4011b0}> (0x000000008d4011b0) thrown at [src/hotspot/share/prims/jni.cpp, line 617]
Event: 1474.402 Thread 0x000001c2bbc79000 Exception <a 'sun/nio/fs/WindowsException'{0x000000008dbaf078}> (0x000000008dbaf078) thrown at [src/hotspot/share/prims/jni.cpp, line 617]
Event: 1474.501 Thread 0x000001c2be6d6000 Exception <a 'sun/nio/fs/WindowsException'{0x000000008db8df48}> (0x000000008db8df48) thrown at [src/hotspot/share/prims/jni.cpp, line 617]
Event: 1474.502 Thread 0x000001c2be6d6000 Exception <a 'sun/nio/fs/WindowsException'{0x000000008db8dfd0}> (0x000000008db8dfd0) thrown at [src/hotspot/share/prims/jni.cpp, line 617]
Event: 1474.506 Thread 0x000001c2be6d6000 Exception <a 'sun/nio/fs/WindowsException'{0x000000008db8f910}> (0x000000008db8f910) thrown at [src/hotspot/share/prims/jni.cpp, line 617]
Event: 1474.656 Thread 0x000001c2be6d6000 Implicit null exception at 0x000001c2a7ea4c7d to 0x000001c2a7ea510c
Event: 1699.242 Thread 0x000001c2be6d6800 Implicit null exception at 0x000001c2a7b37b34 to 0x000001c2a7b37b9a

Events (20 events):
Event: 1699.225 Thread 0x000001c2bb49e000 Thread added: 0x000001c2bb49e000
Event: 1699.226 Thread 0x000001c2bb49a000 Thread added: 0x000001c2bb49a000
Event: 1699.227 Thread 0x000001c2bb49b000 Thread added: 0x000001c2bb49b000
Event: 1699.228 Thread 0x000001c2bbc87800 Thread added: 0x000001c2bbc87800
Event: 1699.230 Thread 0x000001c2bbc8a000 Thread added: 0x000001c2bbc8a000
Event: 1699.231 Thread 0x000001c2bbc85000 Thread added: 0x000001c2bbc85000
Event: 1699.233 Thread 0x000001c2bbc86000 Thread added: 0x000001c2bbc86000
Event: 1699.234 Thread 0x000001c2bbc84800 Thread added: 0x000001c2bbc84800
Event: 1699.235 Thread 0x000001c2bbc86800 Thread added: 0x000001c2bbc86800
Event: 1699.235 Thread 0x000001c2bbc8b000 Thread added: 0x000001c2bbc8b000
Event: 1699.236 Thread 0x000001c2bbc8c800 Thread added: 0x000001c2bbc8c800
Event: 1699.237 Thread 0x000001c2bbc8d800 Thread added: 0x000001c2bbc8d800
Event: 1699.238 Thread 0x000001c2bbc8b800 Thread added: 0x000001c2bbc8b800
Event: 1699.239 Thread 0x000001c2bbc8e000 Thread added: 0x000001c2bbc8e000
Event: 1699.239 Thread 0x000001c2bbc88800 Thread added: 0x000001c2bbc88800
Event: 1699.239 Thread 0x000001c2bbc8f000 Thread added: 0x000001c2bbc8f000
Event: 1699.240 Thread 0x000001c2bbc89000 Thread added: 0x000001c2bbc89000
Event: 1700.794 Executing VM operation: BulkRevokeBias
Event: 1700.928 Executing VM operation: BulkRevokeBias done
Event: 1701.756 Thread 0x000001c2bbc8f800 Thread added: 0x000001c2bbc8f800


Dynamic libraries:
0x00007ff7aa110000 - 0x00007ff7aa11a000 	C:\Program Files\Android\Android Studio\jbr\bin\java.exe
0x00007ffc0ebe0000 - 0x00007ffc0ede9000 	C:\WINDOWS\SYSTEM32\ntdll.dll
0x00007ffc0dd60000 - 0x00007ffc0de1e000 	C:\WINDOWS\System32\KERNEL32.DLL
0x00007ffc0c510000 - 0x00007ffc0c894000 	C:\WINDOWS\System32\KERNELBASE.dll
0x00007ffc0c3f0000 - 0x00007ffc0c501000 	C:\WINDOWS\System32\ucrtbase.dll
0x00007ffbc0f80000 - 0x00007ffbc0f9b000 	C:\Program Files\Android\Android Studio\jbr\bin\VCRUNTIME140.dll
0x00007ffbbe650000 - 0x00007ffbbe667000 	C:\Program Files\Android\Android Studio\jbr\bin\jli.dll
0x00007ffc0ce80000 - 0x00007ffc0d02d000 	C:\WINDOWS\System32\USER32.dll
0x00007ffc0c0f0000 - 0x00007ffc0c116000 	C:\WINDOWS\System32\win32u.dll
0x00007ffc0ea40000 - 0x00007ffc0ea6a000 	C:\WINDOWS\System32\GDI32.dll
0x00007ffbf3ae0000 - 0x00007ffbf3d85000 	C:\WINDOWS\WinSxS\amd64_microsoft.windows.common-controls_6595b64144ccf1df_6.0.22000.120_none_9d947278b86cc467\COMCTL32.dll
0x00007ffc0c8a0000 - 0x00007ffc0c9bf000 	C:\WINDOWS\System32\gdi32full.dll
0x00007ffc0de60000 - 0x00007ffc0df03000 	C:\WINDOWS\System32\msvcrt.dll
0x00007ffc0c290000 - 0x00007ffc0c32d000 	C:\WINDOWS\System32\msvcp_win.dll
0x00007ffc0de20000 - 0x00007ffc0de51000 	C:\WINDOWS\System32\IMM32.DLL
0x00007ffbd31f0000 - 0x00007ffbd31fc000 	C:\Program Files\Android\Android Studio\jbr\bin\vcruntime140_1.dll
0x00007ffbb4110000 - 0x00007ffbb419d000 	C:\Program Files\Android\Android Studio\jbr\bin\msvcp140.dll
0x00007ffba9770000 - 0x00007ffbaa32c000 	C:\Program Files\Android\Android Studio\jbr\bin\server\jvm.dll
0x00007ffc0eaf0000 - 0x00007ffc0eb9f000 	C:\WINDOWS\System32\ADVAPI32.dll
0x00007ffc0ca60000 - 0x00007ffc0cafe000 	C:\WINDOWS\System32\sechost.dll
0x00007ffc0e170000 - 0x00007ffc0e291000 	C:\WINDOWS\System32\RPCRT4.dll
0x00007ffc0eae0000 - 0x00007ffc0eae8000 	C:\WINDOWS\System32\PSAPI.DLL
0x00007ffc026b0000 - 0x00007ffc026ba000 	C:\WINDOWS\SYSTEM32\VERSION.dll
0x00007ffc03ec0000 - 0x00007ffc03ec9000 	C:\WINDOWS\SYSTEM32\WSOCK32.dll
0x00007ffc0df70000 - 0x00007ffc0dfdf000 	C:\WINDOWS\System32\WS2_32.dll
0x00007ffc06520000 - 0x00007ffc06553000 	C:\WINDOWS\SYSTEM32\WINMM.dll
0x00007ffc0b0d0000 - 0x00007ffc0b0e8000 	C:\WINDOWS\SYSTEM32\kernel.appcore.dll
0x00007ffc03eb0000 - 0x00007ffc03ec0000 	C:\Program Files\Android\Android Studio\jbr\bin\verify.dll
0x00007ffc09bf0000 - 0x00007ffc09e11000 	C:\WINDOWS\SYSTEM32\DBGHELP.DLL
0x00007ffc03e70000 - 0x00007ffc03ea1000 	C:\WINDOWS\SYSTEM32\dbgcore.DLL
0x00007ffc0c070000 - 0x00007ffc0c0ef000 	C:\WINDOWS\System32\bcryptPrimitives.dll
0x00007ffbd4d30000 - 0x00007ffbd4d58000 	C:\Program Files\Android\Android Studio\jbr\bin\java.dll
0x00007ffc025c0000 - 0x00007ffc025ca000 	C:\Program Files\Android\Android Studio\jbr\bin\jimage.dll
0x00007ffbf8c70000 - 0x00007ffbf8c88000 	C:\Program Files\Android\Android Studio\jbr\bin\zip.dll
0x00007ffc0d590000 - 0x00007ffc0dd55000 	C:\WINDOWS\System32\SHELL32.dll
0x00007ffc0a130000 - 0x00007ffc0a994000 	C:\WINDOWS\SYSTEM32\windows.storage.dll
0x00007ffc0cb00000 - 0x00007ffc0ce76000 	C:\WINDOWS\System32\combase.dll
0x00007ffc09fc0000 - 0x00007ffc0a127000 	C:\WINDOWS\SYSTEM32\wintypes.dll
0x00007ffc0d030000 - 0x00007ffc0d11a000 	C:\WINDOWS\System32\SHCORE.dll
0x00007ffc0df10000 - 0x00007ffc0df6d000 	C:\WINDOWS\System32\shlwapi.dll
0x00007ffc0bfa0000 - 0x00007ffc0bfc5000 	C:\WINDOWS\SYSTEM32\profapi.dll
0x00007ffbe94a0000 - 0x00007ffbe94b9000 	C:\Program Files\Android\Android Studio\jbr\bin\net.dll
0x00007ffc06340000 - 0x00007ffc06453000 	C:\WINDOWS\SYSTEM32\WINHTTP.dll
0x00007ffc0b580000 - 0x00007ffc0b5e7000 	C:\WINDOWS\system32\mswsock.dll
0x00007ffbd4d10000 - 0x00007ffbd4d23000 	C:\Program Files\Android\Android Studio\jbr\bin\nio.dll
0x00007ffbc27b0000 - 0x00007ffbc27d7000 	C:\Users\HarshRaj\.gradle\native\e1d6ef7f7dcc3fd88c89a11ec53ec762bb8ba0a96d01ffa2cd45eb1d1d8dd5c5\windows-amd64\native-platform.dll
0x00007ffbafab0000 - 0x00007ffbafbf4000 	C:\Users\HarshRaj\.gradle\native\0d407fdbe67a94daf76414ababcb853783967236a71b16ec16e742cd7a986fd3\windows-amd64\native-platform-file-events.dll
0x00007ffc025b0000 - 0x00007ffc025ba000 	C:\Program Files\Android\Android Studio\jbr\bin\management.dll
0x00007ffbe1820000 - 0x00007ffbe182b000 	C:\Program Files\Android\Android Studio\jbr\bin\management_ext.dll
0x00007ffc0b7d0000 - 0x00007ffc0b7e8000 	C:\WINDOWS\SYSTEM32\CRYPTSP.dll
0x00007ffc0b030000 - 0x00007ffc0b065000 	C:\WINDOWS\system32\rsaenh.dll
0x00007ffc0b680000 - 0x00007ffc0b6ac000 	C:\WINDOWS\SYSTEM32\USERENV.dll
0x00007ffc0b9c0000 - 0x00007ffc0b9e7000 	C:\WINDOWS\SYSTEM32\bcrypt.dll
0x00007ffc0b7f0000 - 0x00007ffc0b7fc000 	C:\WINDOWS\SYSTEM32\CRYPTBASE.dll
0x00007ffc0abf0000 - 0x00007ffc0ac1d000 	C:\WINDOWS\SYSTEM32\IPHLPAPI.DLL
0x00007ffc0d4d0000 - 0x00007ffc0d4d9000 	C:\WINDOWS\System32\NSI.dll
0x00007ffc05df0000 - 0x00007ffc05e09000 	C:\WINDOWS\SYSTEM32\dhcpcsvc6.DLL
0x00007ffc07490000 - 0x00007ffc074ae000 	C:\WINDOWS\SYSTEM32\dhcpcsvc.DLL
0x00007ffc0ac20000 - 0x00007ffc0ad07000 	C:\WINDOWS\SYSTEM32\DNSAPI.dll
0x00007ffbc3150000 - 0x00007ffbc3177000 	C:\Program Files\Android\Android Studio\jbr\bin\sunec.dll

dbghelp: loaded successfully - version: 4.0.5 - missing functions: none
symbol engine: initialized successfully - sym options: 0x614 - pdb path: .;C:\Program Files\Android\Android Studio\jbr\bin;C:\WINDOWS\SYSTEM32;C:\WINDOWS\WinSxS\amd64_microsoft.windows.common-controls_6595b64144ccf1df_6.0.22000.120_none_9d947278b86cc467;C:\Program Files\Android\Android Studio\jbr\bin\server;C:\Users\HarshRaj\.gradle\native\e1d6ef7f7dcc3fd88c89a11ec53ec762bb8ba0a96d01ffa2cd45eb1d1d8dd5c5\windows-amd64;C:\Users\HarshRaj\.gradle\native\0d407fdbe67a94daf76414ababcb853783967236a71b16ec16e742cd7a986fd3\windows-amd64

VM Arguments:
jvm_args: --add-opens=java.base/java.util=ALL-UNNAMED --add-opens=java.base/java.lang=ALL-UNNAMED --add-opens=java.base/java.lang.invoke=ALL-UNNAMED --add-opens=java.base/java.util=ALL-UNNAMED --add-opens=java.prefs/java.util.prefs=ALL-UNNAMED --add-opens=java.prefs/java.util.prefs=ALL-UNNAMED --add-opens=java.base/java.nio.charset=ALL-UNNAMED --add-opens=java.base/java.net=ALL-UNNAMED --add-opens=java.base/java.util.concurrent.atomic=ALL-UNNAMED -Xmx2048m -Dfile.encoding=UTF-8 -Duser.country=US -Duser.language=en -Duser.variant 
java_command: org.gradle.launcher.daemon.bootstrap.GradleDaemon 7.5
java_class_path (initial): C:\Users\HarshRaj\.gradle\wrapper\dists\gradle-7.5-bin\f1w0cc9nuo0eivz97x2xlu9sv\gradle-7.5\lib\gradle-launcher-7.5.jar
Launcher Type: SUN_STANDARD

[Global flags]
     intx CICompilerCount                          = 4                                         {product} {ergonomic}
     uint ConcGCThreads                            = 3                                         {product} {ergonomic}
     uint G1ConcRefinementThreads                  = 10                                        {product} {ergonomic}
   size_t G1HeapRegionSize                         = 1048576                                   {product} {ergonomic}
    uintx GCDrainStackTargetSize                   = 64                                        {product} {ergonomic}
   size_t InitialHeapSize                          = 98566144                                  {product} {ergonomic}
   size_t MarkStackSize                            = 4194304                                   {product} {ergonomic}
   size_t MaxHeapSize                              = 2147483648                                {product} {command line}
   size_t MaxNewSize                               = 1287651328                                {product} {ergonomic}
   size_t MinHeapDeltaBytes                        = 1048576                                   {product} {ergonomic}
    uintx NonNMethodCodeHeapSize                   = 5836300                                {pd product} {ergonomic}
    uintx NonProfiledCodeHeapSize                  = 122910970                              {pd product} {ergonomic}
    uintx ProfiledCodeHeapSize                     = 122910970                              {pd product} {ergonomic}
    uintx ReservedCodeCacheSize                    = 251658240                              {pd product} {ergonomic}
     bool SegmentedCodeCache                       = true                                      {product} {ergonomic}
     bool UseCompressedClassPointers               = true                                 {lp64_product} {ergonomic}
     bool UseCompressedOops                        = true                                 {lp64_product} {ergonomic}
     bool UseG1GC                                  = true                                      {product} {ergonomic}
     bool UseLargePagesIndividualAllocation        = false                                  {pd product} {ergonomic}

Logging:
Log output configuration:
 #0: stdout all=warning uptime,level,tags
 #1: stderr all=off uptime,level,tags

Environment Variables:
PATH=C:\Program Files\Common Files\Oracle\Java\javapath;C:\WINDOWS\system32;C:\WINDOWS;C:\WINDOWS\System32\Wbem;C:\WINDOWS\System32\WindowsPowerShell\v1.0\;C:\WINDOWS\System32\OpenSSH\;C:\MinGW\bin;C:\Users\HarshRaj\Downloads\sqlite-tools-win32-x86-3420000;C:\Users\HarshRaj\AppData\Local\Programs\Python\Python310\Scripts\;C:\Users\HarshRaj\AppData\Local\Programs\Python\Python310\;C:\Users\HarshRaj\AppData\Local\Microsoft\WindowsApps;C:\MinGW\bin;C:\Program Files\JetBrains\IntelliJ IDEA Community Edition 2021.3.1\bin;;C:\Users\HarshRaj\AppData\Local\Programs\Microsoft VS Code\bin;C:\Program Files\MySQL\MySQL Server 8.0\bin;C:\xampp\mysql\bin;
USERNAME=HarshRaj
OS=Windows_NT
PROCESSOR_IDENTIFIER=AMD64 Family 23 Model 104 Stepping 1, AuthenticAMD



---------------  S Y S T E M  ---------------

OS: Windows 11 , 64 bit Build 22000 (10.0.22000.2124)
OS uptime: 12 days 23:51 hours

CPU:total 12 (initial active 12) (12 cores per cpu, 2 threads per core) family 23 model 104 stepping 1 microcode 0x0, cmov, cx8, fxsr, mmx, sse, sse2, sse3, ssse3, sse4.1, sse4.2, popcnt, avx, avx2, aes, clmul, mmxext, 3dnowpref, lzcnt, sse4a, ht, tsc, tscinvbit, tscinv, bmi1, bmi2, adx, sha, fma

Memory: 4k page, system-wide physical 6005M (16M free)
TotalPageFile size 24437M (AvailPageFile size 4M)
current process WorkingSet (physical memory assigned to process): 31M, peak: 343M
current process commit charge ("private bytes"): 612M, peak: 623M

vm_info: OpenJDK 64-Bit Server VM (11.0.15+0-b2043.56-9505619) for windows-amd64 JRE (11.0.15+0-b2043.56-9505619), built on Jan 19 2023 02:48:00 by "builduser" with unknown MS VC++:1929

END.
